#
# There is insufficient memory for the Java Runtime Environment to continue.
# Native memory allocation (malloc) failed to allocate 661696 bytes for Chunk::new
# Possible reasons:
#   The system is out of physical RAM or swap space
#   In 32 bit mode, the process size limit was hit
# Possible solutions:
#   Reduce memory load on the system
#   Increase physical memory or swap space
#   Check if swap backing store is full
#   Use 64 bit Java on a 64 bit OS
#   Decrease Java heap size (-Xmx/-Xms)
#   Decrease number of Java threads
#   Decrease Java thread stack sizes (-Xss)
#   Set larger code cache with -XX:ReservedCodeCacheSize=
# This output file may be truncated or incomplete.
#
#  Out of Memory Error (allocation.cpp:390), pid=16528, tid=0x0000000000005950
#
# JRE version: Java(TM) SE Runtime Environment (8.0_162-b12) (build 1.8.0_162-b12)
# Java VM: Java HotSpot(TM) 64-Bit Server VM (25.162-b12 mixed mode windows-amd64 compressed oops)
# Failed to write core dump. Minidumps are not enabled by default on client versions of Windows
#

---------------  T H R E A D  ---------------

Current thread (0x0000000013999800):  JavaThread "C2 CompilerThread0" daemon [_thread_in_native, id=22864, stack(0x0000000014ff0000,0x00000000150f0000)]

Stack: [0x0000000014ff0000,0x00000000150f0000]
[error occurred during error reporting (printing stack bounds), id 0xc0000005]

Native frames: (J=compiled Java code, j=interpreted, Vv=VM code, C=native code)


Current CompileTask:
C2:  18712 3513       4       com.google.gwt.dev.jjs.impl.MethodInliner$InliningVisitor::tryInlineBody (401 bytes)


---------------  P R O C E S S  ---------------

Java Threads: ( => current thread )
  0x000000001520a000 JavaThread "Service Thread" daemon [_thread_blocked, id=21968, stack(0x00000000156f0000,0x00000000157f0000)]
  0x0000000015201000 JavaThread "C1 CompilerThread2" daemon [_thread_blocked, id=1032, stack(0x00000000155f0000,0x00000000156f0000)]
  0x00000000139b6000 JavaThread "C2 CompilerThread1" daemon [_thread_in_native, id=20760, stack(0x00000000150f0000,0x00000000151f0000)]
=>0x0000000013999800 JavaThread "C2 CompilerThread0" daemon [_thread_in_native, id=22864, stack(0x0000000014ff0000,0x00000000150f0000)]
  0x0000000013998800 JavaThread "Attach Listener" daemon [_thread_blocked, id=22288, stack(0x0000000014ef0000,0x0000000014ff0000)]
  0x0000000013997000 JavaThread "Signal Dispatcher" daemon [_thread_blocked, id=23392, stack(0x0000000014df0000,0x0000000014ef0000)]
  0x0000000013979800 JavaThread "Finalizer" daemon [_thread_blocked, id=1148, stack(0x0000000014bf0000,0x0000000014cf0000)]
  0x0000000002567000 JavaThread "Reference Handler" daemon [_thread_blocked, id=20664, stack(0x0000000014af0000,0x0000000014bf0000)]
  0x0000000002477000 JavaThread "main" [_thread_in_Java, id=14348, stack(0x0000000002270000,0x0000000002370000)]

Other Threads:
  0x0000000013957000 VMThread [stack: 0x00000000149f0000,0x0000000014af0000] [id=17732]
  0x000000001524c000 WatcherThread [stack: 0x00000000157f0000,0x00000000158f0000] [id=22900]

VM state:not at safepoint (normal execution)

VM Mutex/Monitor currently owned by a thread: None

Heap:
 PSYoungGen      total 138240K, used 44722K [0x00000000f5580000, 0x00000000fe180000, 0x0000000100000000)
  eden space 133120K, 29% used [0x00000000f5580000,0x00000000f7c34ab0,0x00000000fd780000)
  from space 5120K, 99% used [0x00000000fdc80000,0x00000000fe178030,0x00000000fe180000)
  to   space 5120K, 0% used [0x00000000fd780000,0x00000000fd780000,0x00000000fdc80000)
 ParOldGen       total 87552K, used 30082K [0x00000000e0000000, 0x00000000e5580000, 0x00000000f5580000)
  object space 87552K, 34% used [0x00000000e0000000,0x00000000e1d60b68,0x00000000e5580000)
 Metaspace       used 11685K, capacity 12328K, committed 12416K, reserved 1060864K
  class space    used 1411K, capacity 1578K, committed 1664K, reserved 1048576K

Card table byte_map: [0x0000000011930000,0x0000000011a40000] byte_map_base: 0x0000000011230000

Marking Bits: (ParMarkBitMap*) 0x0000000055500860
 Begin Bits: [0x0000000011ef0000, 0x00000000126f0000)
 End Bits:   [0x00000000126f0000, 0x0000000012ef0000)

Polling page: 0x0000000002100000

CodeCache: size=245760Kb used=10485Kb max_used=11420Kb free=235274Kb
 bounds [0x0000000002570000, 0x00000000030b0000, 0x0000000011570000]
 total_blobs=3486 nmethods=3168 adapters=229
 compilation: enabled

Compilation events (10 events):
Event: 18.676 Thread 0x0000000015201000 3524       3       com.google.gwt.dev.jjs.ast.JUnaryOperation::getType (8 bytes)
Event: 18.676 Thread 0x0000000015201000 nmethod 3524 0x00000000027de910 code [0x00000000027dea80, 0x00000000027deca8]
Event: 18.679 Thread 0x0000000015201000 3526       3       com.google.gwt.dev.jjs.ast.JArrayLength::getType (4 bytes)
Event: 18.679 Thread 0x0000000015201000 nmethod 3526 0x00000000027dc550 code [0x00000000027dc6a0, 0x00000000027dc7f0]
Event: 18.680 Thread 0x0000000015201000 3527       2       com.google.gwt.dev.jjs.impl.ImplicitUpcastAnalyzer::endVisit (175 bytes)
Event: 18.681 Thread 0x0000000015201000 nmethod 3527 0x000000000297ee90 code [0x000000000297f160, 0x000000000297f8e8]
Event: 18.682 Thread 0x0000000015201000 3528       3       com.google.gwt.dev.jjs.impl.ImplicitUpcastAnalyzer::endVisit (25 bytes)
Event: 18.682 Thread 0x0000000015201000 nmethod 3528 0x00000000026b2110 code [0x00000000026b22e0, 0x00000000026b2988]
Event: 18.683 Thread 0x0000000015201000 3529       3       com.google.gwt.dev.jjs.ast.JPrimitiveType::strengthenToNonNull (5 bytes)
Event: 18.683 Thread 0x0000000015201000 nmethod 3529 0x0000000002a38750 code [0x0000000002a388c0, 0x0000000002a38a90]

GC Heap History (8 events):
Event: 4.549 GC heap before
{Heap before GC invocations=1 (full 0):
 PSYoungGen      total 38400K, used 33280K [0x00000000f5580000, 0x00000000f8000000, 0x0000000100000000)
  eden space 33280K, 100% used [0x00000000f5580000,0x00000000f7600000,0x00000000f7600000)
  from space 5120K, 0% used [0x00000000f7b00000,0x00000000f7b00000,0x00000000f8000000)
  to   space 5120K, 0% used [0x00000000f7600000,0x00000000f7600000,0x00000000f7b00000)
 ParOldGen       total 87552K, used 0K [0x00000000e0000000, 0x00000000e5580000, 0x00000000f5580000)
  object space 87552K, 0% used [0x00000000e0000000,0x00000000e0000000,0x00000000e5580000)
 Metaspace       used 7593K, capacity 7920K, committed 8064K, reserved 1056768K
  class space    used 900K, capacity 1030K, committed 1152K, reserved 1048576K
Event: 4.657 GC heap after
Heap after GC invocations=1 (full 0):
 PSYoungGen      total 38400K, used 5096K [0x00000000f5580000, 0x00000000fa080000, 0x0000000100000000)
  eden space 33280K, 0% used [0x00000000f5580000,0x00000000f5580000,0x00000000f7600000)
  from space 5120K, 99% used [0x00000000f7600000,0x00000000f7afa208,0x00000000f7b00000)
  to   space 5120K, 0% used [0x00000000f9b80000,0x00000000f9b80000,0x00000000fa080000)
 ParOldGen       total 87552K, used 6202K [0x00000000e0000000, 0x00000000e5580000, 0x00000000f5580000)
  object space 87552K, 7% used [0x00000000e0000000,0x00000000e060ea40,0x00000000e5580000)
 Metaspace       used 7593K, capacity 7920K, committed 8064K, reserved 1056768K
  class space    used 900K, capacity 1030K, committed 1152K, reserved 1048576K
}
Event: 6.533 GC heap before
{Heap before GC invocations=2 (full 0):
 PSYoungGen      total 38400K, used 38376K [0x00000000f5580000, 0x00000000fa080000, 0x0000000100000000)
  eden space 33280K, 100% used [0x00000000f5580000,0x00000000f7600000,0x00000000f7600000)
  from space 5120K, 99% used [0x00000000f7600000,0x00000000f7afa208,0x00000000f7b00000)
  to   space 5120K, 0% used [0x00000000f9b80000,0x00000000f9b80000,0x00000000fa080000)
 ParOldGen       total 87552K, used 6202K [0x00000000e0000000, 0x00000000e5580000, 0x00000000f5580000)
  object space 87552K, 7% used [0x00000000e0000000,0x00000000e060ea40,0x00000000e5580000)
 Metaspace       used 9724K, capacity 10344K, committed 10368K, reserved 1058816K
  class space    used 1217K, capacity 1386K, committed 1408K, reserved 1048576K
Event: 6.586 GC heap after
Heap after GC invocations=2 (full 0):
 PSYoungGen      total 71680K, used 5104K [0x00000000f5580000, 0x00000000fa080000, 0x0000000100000000)
  eden space 66560K, 0% used [0x00000000f5580000,0x00000000f5580000,0x00000000f9680000)
  from space 5120K, 99% used [0x00000000f9b80000,0x00000000fa07c050,0x00000000fa080000)
  to   space 5120K, 0% used [0x00000000f9680000,0x00000000f9680000,0x00000000f9b80000)
 ParOldGen       total 87552K, used 14817K [0x00000000e0000000, 0x00000000e5580000, 0x00000000f5580000)
  object space 87552K, 16% used [0x00000000e0000000,0x00000000e0e78640,0x00000000e5580000)
 Metaspace       used 9724K, capacity 10344K, committed 10368K, reserved 1058816K
  class space    used 1217K, capacity 1386K, committed 1408K, reserved 1048576K
}
Event: 12.548 GC heap before
{Heap before GC invocations=3 (full 0):
 PSYoungGen      total 71680K, used 71664K [0x00000000f5580000, 0x00000000fa080000, 0x0000000100000000)
  eden space 66560K, 100% used [0x00000000f5580000,0x00000000f9680000,0x00000000f9680000)
  from space 5120K, 99% used [0x00000000f9b80000,0x00000000fa07c050,0x00000000fa080000)
  to   space 5120K, 0% used [0x00000000f9680000,0x00000000f9680000,0x00000000f9b80000)
 ParOldGen       total 87552K, used 14817K [0x00000000e0000000, 0x00000000e5580000, 0x00000000f5580000)
  object space 87552K, 16% used [0x00000000e0000000,0x00000000e0e78640,0x00000000e5580000)
 Metaspace       used 11101K, capacity 11752K, committed 11776K, reserved 1058816K
  class space    used 1355K, capacity 1514K, committed 1536K, reserved 1048576K
Event: 12.784 GC heap after
Heap after GC invocations=3 (full 0):
 PSYoungGen      total 71680K, used 5104K [0x00000000f5580000, 0x00000000fe180000, 0x0000000100000000)
  eden space 66560K, 0% used [0x00000000f5580000,0x00000000f5580000,0x00000000f9680000)
  from space 5120K, 99% used [0x00000000f9680000,0x00000000f9b7c040,0x00000000f9b80000)
  to   space 5120K, 0% used [0x00000000fdc80000,0x00000000fdc80000,0x00000000fe180000)
 ParOldGen       total 87552K, used 24242K [0x00000000e0000000, 0x00000000e5580000, 0x00000000f5580000)
  object space 87552K, 27% used [0x00000000e0000000,0x00000000e17ac808,0x00000000e5580000)
 Metaspace       used 11101K, capacity 11752K, committed 11776K, reserved 1058816K
  class space    used 1355K, capacity 1514K, committed 1536K, reserved 1048576K
}
Event: 17.342 GC heap before
{Heap before GC invocations=4 (full 0):
 PSYoungGen      total 71680K, used 71664K [0x00000000f5580000, 0x00000000fe180000, 0x0000000100000000)
  eden space 66560K, 100% used [0x00000000f5580000,0x00000000f9680000,0x00000000f9680000)
  from space 5120K, 99% used [0x00000000f9680000,0x00000000f9b7c040,0x00000000f9b80000)
  to   space 5120K, 0% used [0x00000000fdc80000,0x00000000fdc80000,0x00000000fe180000)
 ParOldGen       total 87552K, used 24242K [0x00000000e0000000, 0x00000000e5580000, 0x00000000f5580000)
  object space 87552K, 27% used [0x00000000e0000000,0x00000000e17ac808,0x00000000e5580000)
 Metaspace       used 11652K, capacity 12232K, committed 12416K, reserved 1060864K
  class space    used 1407K, capacity 1546K, committed 1664K, reserved 1048576K
Event: 17.537 GC heap after
Heap after GC invocations=4 (full 0):
 PSYoungGen      total 138240K, used 5088K [0x00000000f5580000, 0x00000000fe180000, 0x0000000100000000)
  eden space 133120K, 0% used [0x00000000f5580000,0x00000000f5580000,0x00000000fd780000)
  from space 5120K, 99% used [0x00000000fdc80000,0x00000000fe178030,0x00000000fe180000)
  to   space 5120K, 0% used [0x00000000fd780000,0x00000000fd780000,0x00000000fdc80000)
 ParOldGen       total 87552K, used 30082K [0x00000000e0000000, 0x00000000e5580000, 0x00000000f5580000)
  object space 87552K, 34% used [0x00000000e0000000,0x00000000e1d60b68,0x00000000e5580000)
 Metaspace       used 11652K, capacity 12232K, committed 12416K, reserved 1060864K
  class space    used 1407K, capacity 1546K, committed 1664K, reserved 1048576K
}

Deoptimization events (10 events):
Event: 18.512 Thread 0x0000000002477000 Uncommon trap: reason=bimorphic action=maybe_recompile pc=0x0000000002e8aa10 method=com.google.gwt.dev.jjs.impl.MethodCallSpecializer$MethodCallSpecializingVisitor.endVisit(Lcom/google/gwt/dev/jjs/ast/JMethodCall;Lcom/google/gwt/dev/jjs/ast/Context;)V @ 8
Event: 18.645 Thread 0x0000000002477000 Uncommon trap: reason=class_check action=maybe_recompile pc=0x0000000002fa1618 method=com.google.gwt.dev.jjs.impl.DeadCodeElimination$DeadCodeVisitor.endVisit(Lcom/google/gwt/dev/jjs/ast/JBinaryOperation;Lcom/google/gwt/dev/jjs/ast/Context;)V @ 242
Event: 18.645 Thread 0x0000000002477000 Uncommon trap: reason=class_check action=maybe_recompile pc=0x0000000002fa1618 method=com.google.gwt.dev.jjs.impl.DeadCodeElimination$DeadCodeVisitor.endVisit(Lcom/google/gwt/dev/jjs/ast/JBinaryOperation;Lcom/google/gwt/dev/jjs/ast/Context;)V @ 242
Event: 18.645 Thread 0x0000000002477000 Uncommon trap: reason=class_check action=maybe_recompile pc=0x0000000002fa1618 method=com.google.gwt.dev.jjs.impl.DeadCodeElimination$DeadCodeVisitor.endVisit(Lcom/google/gwt/dev/jjs/ast/JBinaryOperation;Lcom/google/gwt/dev/jjs/ast/Context;)V @ 242
Event: 18.645 Thread 0x0000000002477000 Uncommon trap: reason=class_check action=maybe_recompile pc=0x0000000002fa1618 method=com.google.gwt.dev.jjs.impl.DeadCodeElimination$DeadCodeVisitor.endVisit(Lcom/google/gwt/dev/jjs/ast/JBinaryOperation;Lcom/google/gwt/dev/jjs/ast/Context;)V @ 242
Event: 18.673 Thread 0x0000000002477000 Uncommon trap: reason=bimorphic action=maybe_recompile pc=0x0000000002ff185c method=com.google.gwt.dev.jjs.impl.EnumOrdinalizer.getEnumTypeFromArrayLeafType(Lcom/google/gwt/dev/jjs/ast/JType;)Lcom/google/gwt/dev/jjs/ast/JEnumType; @ 21
Event: 18.679 Thread 0x0000000002477000 Uncommon trap: reason=bimorphic action=maybe_recompile pc=0x0000000002862a2c method=com.google.gwt.dev.jjs.impl.ImplicitUpcastAnalyzer.endVisit(Lcom/google/gwt/dev/jjs/ast/JBinaryOperation;Lcom/google/gwt/dev/jjs/ast/Context;)V @ 87
Event: 18.679 Thread 0x0000000002477000 Uncommon trap: reason=bimorphic action=maybe_recompile pc=0x0000000002862a2c method=com.google.gwt.dev.jjs.impl.ImplicitUpcastAnalyzer.endVisit(Lcom/google/gwt/dev/jjs/ast/JBinaryOperation;Lcom/google/gwt/dev/jjs/ast/Context;)V @ 87
Event: 18.679 Thread 0x0000000002477000 Uncommon trap: reason=bimorphic action=maybe_recompile pc=0x0000000002862a2c method=com.google.gwt.dev.jjs.impl.ImplicitUpcastAnalyzer.endVisit(Lcom/google/gwt/dev/jjs/ast/JBinaryOperation;Lcom/google/gwt/dev/jjs/ast/Context;)V @ 87
Event: 18.679 Thread 0x0000000002477000 Uncommon trap: reason=bimorphic action=maybe_recompile pc=0x0000000002862a2c method=com.google.gwt.dev.jjs.impl.ImplicitUpcastAnalyzer.endVisit(Lcom/google/gwt/dev/jjs/ast/JBinaryOperation;Lcom/google/gwt/dev/jjs/ast/Context;)V @ 87

Classes redefined (0 events):
No events

Internal exceptions (10 events):
Event: 6.285 Thread 0x0000000002477000 Exception <a 'java/lang/NoSuchMethodError': <clinit>> (0x00000000f7275598) thrown at [C:\re\workspace\8-2-build-windows-amd64-cygwin\jdk8u162\10278\hotspot\src\share\vm\prims\jni.cpp, line 1613]
Event: 6.286 Thread 0x0000000002477000 Exception <a 'java/lang/NoSuchMethodError': <clinit>> (0x00000000f727fc08) thrown at [C:\re\workspace\8-2-build-windows-amd64-cygwin\jdk8u162\10278\hotspot\src\share\vm\prims\jni.cpp, line 1613]
Event: 6.289 Thread 0x0000000002477000 Exception <a 'java/lang/NoSuchMethodError': <clinit>> (0x00000000f729c7e8) thrown at [C:\re\workspace\8-2-build-windows-amd64-cygwin\jdk8u162\10278\hotspot\src\share\vm\prims\jni.cpp, line 1613]
Event: 6.290 Thread 0x0000000002477000 Exception <a 'java/lang/NoSuchMethodError': <clinit>> (0x00000000f72a7c20) thrown at [C:\re\workspace\8-2-build-windows-amd64-cygwin\jdk8u162\10278\hotspot\src\share\vm\prims\jni.cpp, line 1613]
Event: 6.385 Thread 0x0000000002477000 Exception <a 'java/lang/NoSuchMethodError': <clinit>> (0x00000000f72bc7a8) thrown at [C:\re\workspace\8-2-build-windows-amd64-cygwin\jdk8u162\10278\hotspot\src\share\vm\prims\jni.cpp, line 1613]
Event: 6.408 Thread 0x0000000002477000 Exception <a 'java/lang/NoSuchMethodError': <clinit>> (0x00000000f731c638) thrown at [C:\re\workspace\8-2-build-windows-amd64-cygwin\jdk8u162\10278\hotspot\src\share\vm\prims\jni.cpp, line 1613]
Event: 6.414 Thread 0x0000000002477000 Exception <a 'java/lang/NoSuchMethodError': <clinit>> (0x00000000f7338c10) thrown at [C:\re\workspace\8-2-build-windows-amd64-cygwin\jdk8u162\10278\hotspot\src\share\vm\prims\jni.cpp, line 1613]
Event: 9.561 Thread 0x0000000002477000 Implicit null exception at 0x0000000002b4c411 to 0x0000000002b4d2f9
Event: 9.600 Thread 0x0000000002477000 Implicit null exception at 0x0000000002ce268f to 0x0000000002ce28f9
Event: 13.619 Thread 0x0000000002477000 Implicit null exception at 0x0000000002a5741c to 0x0000000002a5745e

Events (10 events):
Event: 18.679 Thread 0x0000000002477000 DEOPT UNPACKING pc=0x00000000025b583b sp=0x000000000236e7a0 mode 2
Event: 18.679 Thread 0x0000000002477000 Uncommon trap: trap_request=0xffffffc6 fr.pc=0x0000000002862a2c
Event: 18.679 Thread 0x0000000002477000 DEOPT PACKING pc=0x0000000002862a2c sp=0x000000000236e7f0
Event: 18.679 Thread 0x0000000002477000 DEOPT UNPACKING pc=0x00000000025b583b sp=0x000000000236e7a0 mode 2
Event: 18.679 Thread 0x0000000002477000 Uncommon trap: trap_request=0xffffffc6 fr.pc=0x0000000002862a2c
Event: 18.679 Thread 0x0000000002477000 DEOPT PACKING pc=0x0000000002862a2c sp=0x000000000236e7f0
Event: 18.679 Thread 0x0000000002477000 DEOPT UNPACKING pc=0x00000000025b583b sp=0x000000000236e7a0 mode 2
Event: 18.679 Thread 0x0000000002477000 Uncommon trap: trap_request=0xffffffc6 fr.pc=0x0000000002862a2c
Event: 18.679 Thread 0x0000000002477000 DEOPT PACKING pc=0x0000000002862a2c sp=0x000000000236e7f0
Event: 18.679 Thread 0x0000000002477000 DEOPT UNPACKING pc=0x00000000025b583b sp=0x000000000236e7a0 mode 2


Dynamic libraries:
0x00007ff696df0000 - 0x00007ff696e27000 	C:\Program Files\Java\jdk1.8.0_162\jre\bin\java.exe
0x00007ffcd38a0000 - 0x00007ffcd3a90000 	C:\WINDOWS\SYSTEM32\ntdll.dll
0x00007ffcd2a20000 - 0x00007ffcd2ad2000 	C:\WINDOWS\System32\KERNEL32.DLL
0x00007ffcd1510000 - 0x00007ffcd17b4000 	C:\WINDOWS\System32\KERNELBASE.dll
0x00007ffcd3380000 - 0x00007ffcd3423000 	C:\WINDOWS\System32\ADVAPI32.dll
0x00007ffcd2730000 - 0x00007ffcd27ce000 	C:\WINDOWS\System32\msvcrt.dll
0x00007ffcd2db0000 - 0x00007ffcd2e47000 	C:\WINDOWS\System32\sechost.dll
0x00007ffcd2c90000 - 0x00007ffcd2db0000 	C:\WINDOWS\System32\RPCRT4.dll
0x00007ffcd2af0000 - 0x00007ffcd2c84000 	C:\WINDOWS\System32\USER32.dll
0x00007ffcd12a0000 - 0x00007ffcd12c1000 	C:\WINDOWS\System32\win32u.dll
0x00007ffcd21a0000 - 0x00007ffcd21c6000 	C:\WINDOWS\System32\GDI32.dll
0x00007ffcd0fb0000 - 0x00007ffcd1145000 	C:\WINDOWS\System32\gdi32full.dll
0x00007ffcd1300000 - 0x00007ffcd139e000 	C:\WINDOWS\System32\msvcp_win.dll
0x00007ffcd1410000 - 0x00007ffcd150a000 	C:\WINDOWS\System32\ucrtbase.dll
0x00007ffcaae70000 - 0x00007ffcab0f4000 	C:\WINDOWS\WinSxS\amd64_microsoft.windows.common-controls_6595b64144ccf1df_6.0.18362.900_none_e6beb9d913147d17\COMCTL32.dll
0x00007ffcd23f0000 - 0x00007ffcd2725000 	C:\WINDOWS\System32\combase.dll
0x00007ffcd18d0000 - 0x00007ffcd1950000 	C:\WINDOWS\System32\bcryptPrimitives.dll
0x00007ffcd3430000 - 0x00007ffcd345e000 	C:\WINDOWS\System32\IMM32.DLL
0x0000000055b60000 - 0x0000000055c31000 	C:\Program Files\Java\jdk1.8.0_162\jre\bin\msvcr100.dll
0x0000000054ce0000 - 0x0000000055580000 	C:\Program Files\Java\jdk1.8.0_162\jre\bin\server\jvm.dll
0x00007ffcd1950000 - 0x00007ffcd1958000 	C:\WINDOWS\System32\PSAPI.DLL
0x00007ffccd1e0000 - 0x00007ffccd1e9000 	C:\WINDOWS\SYSTEM32\WSOCK32.dll
0x00007ffcd37f0000 - 0x00007ffcd385f000 	C:\WINDOWS\System32\WS2_32.dll
0x00007ffcce750000 - 0x00007ffcce774000 	C:\WINDOWS\SYSTEM32\WINMM.dll
0x00007ffccc3e0000 - 0x00007ffccc3ea000 	C:\WINDOWS\SYSTEM32\VERSION.dll
0x00007ffcce6d0000 - 0x00007ffcce6fd000 	C:\WINDOWS\SYSTEM32\WINMMBASE.dll
0x00007ffcd13a0000 - 0x00007ffcd13ea000 	C:\WINDOWS\System32\cfgmgr32.dll
0x0000000056780000 - 0x000000005678f000 	C:\Program Files\Java\jdk1.8.0_162\jre\bin\verify.dll
0x0000000055b30000 - 0x0000000055b59000 	C:\Program Files\Java\jdk1.8.0_162\jre\bin\java.dll
0x0000000055b10000 - 0x0000000055b26000 	C:\Program Files\Java\jdk1.8.0_162\jre\bin\zip.dll
0x00007ffcd1960000 - 0x00007ffcd2046000 	C:\WINDOWS\System32\SHELL32.dll
0x00007ffcd27d0000 - 0x00007ffcd2879000 	C:\WINDOWS\System32\shcore.dll
0x00007ffcd0830000 - 0x00007ffcd0fb0000 	C:\WINDOWS\System32\windows.storage.dll
0x00007ffcd0800000 - 0x00007ffcd0823000 	C:\WINDOWS\System32\profapi.dll
0x00007ffcd0770000 - 0x00007ffcd07ba000 	C:\WINDOWS\System32\powrprof.dll
0x00007ffcd0760000 - 0x00007ffcd0770000 	C:\WINDOWS\System32\UMPDC.dll
0x00007ffcd3320000 - 0x00007ffcd3372000 	C:\WINDOWS\System32\shlwapi.dll
0x00007ffcd07c0000 - 0x00007ffcd07d1000 	C:\WINDOWS\System32\kernel.appcore.dll
0x00007ffcd13f0000 - 0x00007ffcd1407000 	C:\WINDOWS\System32\cryptsp.dll
0x0000000055af0000 - 0x0000000055b0a000 	C:\Program Files\Java\jdk1.8.0_162\jre\bin\net.dll
0x00007ffccff70000 - 0x00007ffccffd7000 	C:\WINDOWS\system32\mswsock.dll
0x00007ffccfcc0000 - 0x00007ffccfd8b000 	C:\WINDOWS\SYSTEM32\DNSAPI.dll
0x00007ffcd2ae0000 - 0x00007ffcd2ae8000 	C:\WINDOWS\System32\NSI.dll
0x00007ffccfc80000 - 0x00007ffccfcba000 	C:\WINDOWS\SYSTEM32\IPHLPAPI.DLL
0x00007ffcc8d70000 - 0x00007ffcc8d7a000 	C:\Windows\System32\rasadhlp.dll
0x00007ffcc9f10000 - 0x00007ffcc9f87000 	C:\WINDOWS\System32\fwpuclnt.dll
0x00007ffcd12d0000 - 0x00007ffcd12f6000 	C:\WINDOWS\System32\bcrypt.dll
0x00007ffccfae0000 - 0x00007ffccfb13000 	C:\WINDOWS\system32\rsaenh.dll
0x00007ffcd0680000 - 0x00007ffcd06a5000 	C:\WINDOWS\SYSTEM32\USERENV.dll
0x00007ffcd0140000 - 0x00007ffcd014c000 	C:\WINDOWS\SYSTEM32\CRYPTBASE.dll
0x00007ffcca090000 - 0x00007ffcca0a6000 	C:\WINDOWS\SYSTEM32\dhcpcsvc6.DLL
0x00007ffccaab0000 - 0x00007ffccaacc000 	C:\WINDOWS\SYSTEM32\dhcpcsvc.DLL
0x0000000055ad0000 - 0x0000000055ae1000 	C:\Program Files\Java\jdk1.8.0_162\jre\bin\nio.dll

VM Arguments:
jvm_args: -Xmx512m 
java_command: com.google.gwt.dev.CompilePermsServer -host localhost -port 63837 -logLevel INFO -cookie D81ED774424DBFE55E27CFD4F2CFDF8E
java_class_path (initial): D:\Ashi\Project\shiptime\GWEDemoWorkspace\WebSocket\target\WebSocket-0.0.1-SNAPSHOT\WEB-INF\classes;D:\Ashi\Project\shiptime\GWEDemoWorkspace\WebSocket\src\main\java;C:\Users\Admin\.m2\repository\io\jsonwebtoken\jjwt-api\0.11.2\jjwt-api-0.11.2.jar;C:\Users\Admin\.m2\repository\org\eclipse\jetty\jetty-server\9.2.14.v20151106\jetty-server-9.2.14.v20151106.jar;C:\Users\Admin\.m2\repository\javax\servlet\javax.servlet-api\3.1.0\javax.servlet-api-3.1.0.jar;C:\Users\Admin\.m2\repository\org\eclipse\jetty\jetty-http\9.2.14.v20151106\jetty-http-9.2.14.v20151106.jar;C:\Users\Admin\.m2\repository\org\eclipse\jetty\jetty-util\9.2.14.v20151106\jetty-util-9.2.14.v20151106.jar;C:\Users\Admin\.m2\repository\org\eclipse\jetty\jetty-io\9.2.14.v20151106\jetty-io-9.2.14.v20151106.jar;C:\Users\Admin\.m2\repository\com\google\gwt\gwt-user\2.8.2\gwt-user-2.8.2.jar;C:\Users\Admin\.m2\repository\com\google\jsinterop\jsinterop-annotations\1.0.2\jsinterop-annotations-1.0.2.jar;C:\Users\Admin\.m2\repository\com\google\jsinterop\jsinterop-annotations\1.0.2\jsinterop-annotations-1.0.2-sources.jar;C:\Users\Admin\.m2\repository\javax\validation\validation-api\1.0.0.GA\validation-api-1.0.0.GA.jar;C:\Users\Admin\.m2\repository\javax\validation\validation-api\1.0.0.GA\validation-api-1.0.0.GA-sources.jar;C:\Users\Admin\.m2\repository\org\w3c\css\sac\1.3\sac-1.3.jar;C:\Users\Admin\.m2\repository\com\google\gwt\gwt-dev\2.8.2\gwt-dev-2.8.2.jar;C:\Users\Admin\.m2\repository\com\google\code\findbugs\jsr305\1.3.9\jsr305-1.3.9.jar;C:\Users\Admin\.m2\repository\com\google\code\gson\gson\2.6.2\gson-2.6.2.jar;C:\Users\Admin\.m2\repository\org\ow2\asm\asm\5.0.3\asm-5.0.3.jar;C:\Users\Admin\.m2\repository\org\ow2\asm\asm-util\5.0.3\asm-util-5.0.3.jar;C:\Users\Admin\.m2\repository\org\ow2\asm\asm-tree\5.0.3\asm-tree-5.0.3.jar;C:\Users\Admin\.m2\repository\org\ow2\asm\asm-commons\5.0.3\asm-commons-5.0.3.jar;C:\Users\Admin\.m2\repository\colt\colt\1.2.0\colt-1.2.0.jar;C:\Users\Admin\.m2
Launcher Type: SUN_STANDARD

Environment Variables:
JAVA_HOME=C:\Program Files\Java\jdk1.8.0_162
JRE_HOME=C:\Program Files\Java\jre1.8.0_162
PATH=C:\ProgramData\Oracle\Java\javapath;C:\WINDOWS\system32;C:\WINDOWS;C:\WINDOWS\System32\Wbem;C:\WINDOWS\System32\WindowsPowerShell\v1.0\;C:\Python27;C:\Program Files\Git\cmd;C:\Program Files\apache-maven-3.6.0\bin;C:\Program Files\Java\jdk1.8.0_162\bin;C:\Program Files\Java\jre1.8.0_162\bin;C:\Program Files\Microsoft SQL Server\Client SDK\ODBC\110\Tools\Binn\;C:\Program Files (x86)\Microsoft SQL Server\120\Tools\Binn\ManagementStudio\;C:\Program Files (x86)\Microsoft SQL Server\120\Tools\Binn\;C:\Program Files\Microsoft SQL Server\120\Tools\Binn\;C:\Program Files (x86)\Microsoft SQL Server\120\DTS\Binn\;C:\Program Files\Microsoft SQL Server\120\DTS\Binn\;C:\WINDOWS\System32\OpenSSH\;C:\Program Files\nodejs\;C:\Program Files (x86)\Windows Live\Shared;C:\Program Files\Microsoft SQL Server\Client SDK\ODBC\170\Tools\Binn\;C:\Program Files (x86)\Microsoft SQL Server\150\Tools\Binn\;C:\Program Files\Microsoft SQL Server\150\Tools\Binn\;C:\Program Files\Microsoft SQL Server\150\DTS\Binn\;C:\Program Files\MySQL\MySQL Shell 8.0\bin\;C:\Users\Admin\AppData\Local\Microsoft\WindowsApps;C:\Users\Admin\AppData\Roaming\npm
USERNAME=Admin
OS=Windows_NT
PROCESSOR_IDENTIFIER=Intel64 Family 6 Model 94 Stepping 3, GenuineIntel



---------------  S Y S T E M  ---------------

OS: Windows 10.0 , 64 bit Build 18362 (10.0.18362.900)

CPU:total 4 (initial active 4) (2 cores per cpu, 2 threads per core) family 6 model 94 stepping 3, cmov, cx8, fxsr, mmx, sse, sse2, sse3, ssse3, sse4.1, sse4.2, popcnt, avx, avx2, aes, clmul, erms, 3dnowpref, lzcnt, ht, tsc, tscinvbit, bmi1, bmi2, adx

Memory: 4k page, physical 8283808k(423012k free), swap 22805728k(5436k free)

vm_info: Java HotSpot(TM) 64-Bit Server VM (25.162-b12) for windows-amd64 JRE (1.8.0_162-b12), built on Dec 19 2017 20:00:03 by "java_re" with MS VC++ 10.0 (VS2010)

time: Sat Jul 11 15:41:25 2020
elapsed time: 18 seconds (0d 0h 0m 18s)

