#
# There is insufficient memory for the Java Runtime Environment to continue.
# Native memory allocation (malloc) failed to allocate 368176 bytes for Chunk::new
# Possible reasons:
#   The system is out of physical RAM or swap space
#   In 32 bit mode, the process size limit was hit
# Possible solutions:
#   Reduce memory load on the system
#   Increase physical memory or swap space
#   Check if swap backing store is full
#   Use 64 bit Java on a 64 bit OS
#   Decrease Java heap size (-Xmx/-Xms)
#   Decrease number of Java threads
#   Decrease Java thread stack sizes (-Xss)
#   Set larger code cache with -XX:ReservedCodeCacheSize=
# This output file may be truncated or incomplete.
#
#  Out of Memory Error (allocation.cpp:390), pid=8072, tid=0x00000000000009e0
#
# JRE version: Java(TM) SE Runtime Environment (8.0_162-b12) (build 1.8.0_162-b12)
# Java VM: Java HotSpot(TM) 64-Bit Server VM (25.162-b12 mixed mode windows-amd64 compressed oops)
# Failed to write core dump. Minidumps are not enabled by default on client versions of Windows
#

---------------  T H R E A D  ---------------

Current thread (0x00000000139a6800):  JavaThread "C2 CompilerThread0" daemon [_thread_in_native, id=2528, stack(0x0000000015010000,0x0000000015110000)]

Stack: [0x0000000015010000,0x0000000015110000]
[error occurred during error reporting (printing stack bounds), id 0xc0000005]

Native frames: (J=compiled Java code, j=interpreted, Vv=VM code, C=native code)


Current CompileTask:
C2:  18322 3499       4       com.google.gwt.dev.jjs.impl.Pruner$CleanupRefsVisitor::maybeReplaceForPrunedParameters (404 bytes)


---------------  P R O C E S S  ---------------

Java Threads: ( => current thread )
  0x0000000015219000 JavaThread "Service Thread" daemon [_thread_blocked, id=19452, stack(0x0000000015710000,0x0000000015810000)]
  0x0000000015218800 JavaThread "C1 CompilerThread2" daemon [_thread_blocked, id=19468, stack(0x0000000015610000,0x0000000015710000)]
  0x00000000139aa800 JavaThread "C2 CompilerThread1" daemon [_thread_in_native, id=7520, stack(0x0000000015110000,0x0000000015210000)]
=>0x00000000139a6800 JavaThread "C2 CompilerThread0" daemon [_thread_in_native, id=2528, stack(0x0000000015010000,0x0000000015110000)]
  0x00000000139a5800 JavaThread "Attach Listener" daemon [_thread_blocked, id=19492, stack(0x0000000014f10000,0x0000000015010000)]
  0x00000000139a4000 JavaThread "Signal Dispatcher" daemon [_thread_blocked, id=10160, stack(0x0000000014e10000,0x0000000014f10000)]
  0x0000000013989800 JavaThread "Finalizer" daemon [_thread_blocked, id=16928, stack(0x0000000014c10000,0x0000000014d10000)]
  0x0000000002577000 JavaThread "Reference Handler" daemon [_thread_blocked, id=14900, stack(0x0000000014b10000,0x0000000014c10000)]
  0x0000000002487000 JavaThread "main" [_thread_in_Java, id=16904, stack(0x0000000002220000,0x0000000002320000)]

Other Threads:
  0x0000000013967000 VMThread [stack: 0x0000000014a10000,0x0000000014b10000] [id=23464]
  0x000000001521a000 WatcherThread [stack: 0x0000000015810000,0x0000000015910000] [id=13088]

VM state:not at safepoint (normal execution)

VM Mutex/Monitor currently owned by a thread: None

Heap:
 PSYoungGen      total 71680K, used 26350K [0x00000000f5580000, 0x00000000fe180000, 0x0000000100000000)
  eden space 66560K, 31% used [0x00000000f5580000,0x00000000f6a43a10,0x00000000f9680000)
  from space 5120K, 99% used [0x00000000f9b80000,0x00000000fa078020,0x00000000fa080000)
  to   space 5120K, 0% used [0x00000000f9680000,0x00000000f9680000,0x00000000f9b80000)
 ParOldGen       total 87552K, used 29843K [0x00000000e0000000, 0x00000000e5580000, 0x00000000f5580000)
  object space 87552K, 34% used [0x00000000e0000000,0x00000000e1d24cb0,0x00000000e5580000)
 Metaspace       used 11677K, capacity 12328K, committed 12416K, reserved 1060864K
  class space    used 1412K, capacity 1578K, committed 1664K, reserved 1048576K

Card table byte_map: [0x0000000011940000,0x0000000011a50000] byte_map_base: 0x0000000011240000

Marking Bits: (ParMarkBitMap*) 0x0000000055500860
 Begin Bits: [0x0000000011f00000, 0x0000000012700000)
 End Bits:   [0x0000000012700000, 0x0000000012f00000)

Polling page: 0x0000000000650000

CodeCache: size=245760Kb used=11628Kb max_used=11639Kb free=234131Kb
 bounds [0x0000000002580000, 0x00000000030f0000, 0x0000000011580000]
 total_blobs=3771 nmethods=3453 adapters=229
 compilation: enabled

Compilation events (10 events):
Event: 18.262 Thread 0x00000000139aa800 3497       4       com.google.gwt.dev.jjs.impl.Pruner$CleanupRefsVisitor::endVisit (75 bytes)
Event: 18.264 Thread 0x0000000015218800 3498       3       com.google.gwt.dev.jjs.impl.Pruner$CleanupRefsVisitor::endVisit (43 bytes)
Event: 18.264 Thread 0x0000000015218800 nmethod 3498 0x00000000030e6fd0 code [0x00000000030e71c0, 0x00000000030e7b08]
Event: 18.268 Thread 0x00000000139a6800 3499       4       com.google.gwt.dev.jjs.impl.Pruner$CleanupRefsVisitor::maybeReplaceForPrunedParameters (404 bytes)
Event: 18.278 Thread 0x00000000139aa800 nmethod 3497 0x00000000030ec410 code [0x00000000030ec620, 0x00000000030ed2e0]
Event: 18.308 Thread 0x00000000139aa800 3500       4       com.google.gwt.thirdparty.guava.common.collect.ArrayListMultimap::containsKey (6 bytes)
Event: 18.312 Thread 0x00000000139aa800 nmethod 3500 0x00000000030e8c50 code [0x00000000030e8dc0, 0x00000000030e9098]
Event: 18.318 Thread 0x00000000139aa800 3501 %     4       com.google.gwt.dev.jjs.impl.FullOptimizerContext::syncDeletedSubCallGraphsSince @ 18 (88 bytes)
Event: 18.320 Thread 0x0000000015218800 3502       3       java.lang.ThreadLocal::getMap (5 bytes)
Event: 18.320 Thread 0x0000000015218800 nmethod 3502 0x00000000030e6c90 code [0x00000000030e6de0, 0x00000000030e6f30]

GC Heap History (8 events):
Event: 4.216 GC heap before
{Heap before GC invocations=1 (full 0):
 PSYoungGen      total 38400K, used 33280K [0x00000000f5580000, 0x00000000f8000000, 0x0000000100000000)
  eden space 33280K, 100% used [0x00000000f5580000,0x00000000f7600000,0x00000000f7600000)
  from space 5120K, 0% used [0x00000000f7b00000,0x00000000f7b00000,0x00000000f8000000)
  to   space 5120K, 0% used [0x00000000f7600000,0x00000000f7600000,0x00000000f7b00000)
 ParOldGen       total 87552K, used 0K [0x00000000e0000000, 0x00000000e5580000, 0x00000000f5580000)
  object space 87552K, 0% used [0x00000000e0000000,0x00000000e0000000,0x00000000e5580000)
 Metaspace       used 7593K, capacity 7920K, committed 8064K, reserved 1056768K
  class space    used 900K, capacity 1030K, committed 1152K, reserved 1048576K
Event: 4.335 GC heap after
Heap after GC invocations=1 (full 0):
 PSYoungGen      total 38400K, used 5112K [0x00000000f5580000, 0x00000000fa080000, 0x0000000100000000)
  eden space 33280K, 0% used [0x00000000f5580000,0x00000000f5580000,0x00000000f7600000)
  from space 5120K, 99% used [0x00000000f7600000,0x00000000f7afe208,0x00000000f7b00000)
  to   space 5120K, 0% used [0x00000000f9b80000,0x00000000f9b80000,0x00000000fa080000)
 ParOldGen       total 87552K, used 6182K [0x00000000e0000000, 0x00000000e5580000, 0x00000000f5580000)
  object space 87552K, 7% used [0x00000000e0000000,0x00000000e0609a98,0x00000000e5580000)
 Metaspace       used 7593K, capacity 7920K, committed 8064K, reserved 1056768K
  class space    used 900K, capacity 1030K, committed 1152K, reserved 1048576K
}
Event: 6.410 GC heap before
{Heap before GC invocations=2 (full 0):
 PSYoungGen      total 38400K, used 38392K [0x00000000f5580000, 0x00000000fa080000, 0x0000000100000000)
  eden space 33280K, 100% used [0x00000000f5580000,0x00000000f7600000,0x00000000f7600000)
  from space 5120K, 99% used [0x00000000f7600000,0x00000000f7afe208,0x00000000f7b00000)
  to   space 5120K, 0% used [0x00000000f9b80000,0x00000000f9b80000,0x00000000fa080000)
 ParOldGen       total 87552K, used 6182K [0x00000000e0000000, 0x00000000e5580000, 0x00000000f5580000)
  object space 87552K, 7% used [0x00000000e0000000,0x00000000e0609a98,0x00000000e5580000)
 Metaspace       used 9739K, capacity 10344K, committed 10368K, reserved 1058816K
  class space    used 1218K, capacity 1386K, committed 1408K, reserved 1048576K
Event: 6.540 GC heap after
Heap after GC invocations=2 (full 0):
 PSYoungGen      total 71680K, used 5088K [0x00000000f5580000, 0x00000000fa080000, 0x0000000100000000)
  eden space 66560K, 0% used [0x00000000f5580000,0x00000000f5580000,0x00000000f9680000)
  from space 5120K, 99% used [0x00000000f9b80000,0x00000000fa078040,0x00000000fa080000)
  to   space 5120K, 0% used [0x00000000f9680000,0x00000000f9680000,0x00000000f9b80000)
 ParOldGen       total 87552K, used 14515K [0x00000000e0000000, 0x00000000e5580000, 0x00000000f5580000)
  object space 87552K, 16% used [0x00000000e0000000,0x00000000e0e2cff0,0x00000000e5580000)
 Metaspace       used 9739K, capacity 10344K, committed 10368K, reserved 1058816K
  class space    used 1218K, capacity 1386K, committed 1408K, reserved 1048576K
}
Event: 13.066 GC heap before
{Heap before GC invocations=3 (full 0):
 PSYoungGen      total 71680K, used 71648K [0x00000000f5580000, 0x00000000fa080000, 0x0000000100000000)
  eden space 66560K, 100% used [0x00000000f5580000,0x00000000f9680000,0x00000000f9680000)
  from space 5120K, 99% used [0x00000000f9b80000,0x00000000fa078040,0x00000000fa080000)
  to   space 5120K, 0% used [0x00000000f9680000,0x00000000f9680000,0x00000000f9b80000)
 ParOldGen       total 87552K, used 14515K [0x00000000e0000000, 0x00000000e5580000, 0x00000000f5580000)
  object space 87552K, 16% used [0x00000000e0000000,0x00000000e0e2cff0,0x00000000e5580000)
 Metaspace       used 11102K, capacity 11688K, committed 11776K, reserved 1058816K
  class space    used 1356K, capacity 1514K, committed 1536K, reserved 1048576K
Event: 13.262 GC heap after
Heap after GC invocations=3 (full 0):
 PSYoungGen      total 71680K, used 5120K [0x00000000f5580000, 0x00000000fa080000, 0x0000000100000000)
  eden space 66560K, 0% used [0x00000000f5580000,0x00000000f5580000,0x00000000f9680000)
  from space 5120K, 100% used [0x00000000f9680000,0x00000000f9b80000,0x00000000f9b80000)
  to   space 5120K, 0% used [0x00000000f9b80000,0x00000000f9b80000,0x00000000fa080000)
 ParOldGen       total 87552K, used 23936K [0x00000000e0000000, 0x00000000e5580000, 0x00000000f5580000)
  object space 87552K, 27% used [0x00000000e0000000,0x00000000e17600b0,0x00000000e5580000)
 Metaspace       used 11102K, capacity 11688K, committed 11776K, reserved 1058816K
  class space    used 1356K, capacity 1514K, committed 1536K, reserved 1048576K
}
Event: 17.552 GC heap before
{Heap before GC invocations=4 (full 0):
 PSYoungGen      total 71680K, used 71680K [0x00000000f5580000, 0x00000000fa080000, 0x0000000100000000)
  eden space 66560K, 100% used [0x00000000f5580000,0x00000000f9680000,0x00000000f9680000)
  from space 5120K, 100% used [0x00000000f9680000,0x00000000f9b80000,0x00000000f9b80000)
  to   space 5120K, 0% used [0x00000000f9b80000,0x00000000f9b80000,0x00000000fa080000)
 ParOldGen       total 87552K, used 23936K [0x00000000e0000000, 0x00000000e5580000, 0x00000000f5580000)
  object space 87552K, 27% used [0x00000000e0000000,0x00000000e17600b0,0x00000000e5580000)
 Metaspace       used 11662K, capacity 12264K, committed 12416K, reserved 1060864K
  class space    used 1412K, capacity 1578K, committed 1664K, reserved 1048576K
Event: 17.694 GC heap after
Heap after GC invocations=4 (full 0):
 PSYoungGen      total 71680K, used 5088K [0x00000000f5580000, 0x00000000fe180000, 0x0000000100000000)
  eden space 66560K, 0% used [0x00000000f5580000,0x00000000f5580000,0x00000000f9680000)
  from space 5120K, 99% used [0x00000000f9b80000,0x00000000fa078020,0x00000000fa080000)
  to   space 5120K, 0% used [0x00000000f9680000,0x00000000f9680000,0x00000000f9b80000)
 ParOldGen       total 87552K, used 29843K [0x00000000e0000000, 0x00000000e5580000, 0x00000000f5580000)
  object space 87552K, 34% used [0x00000000e0000000,0x00000000e1d24cb0,0x00000000e5580000)
 Metaspace       used 11662K, capacity 12264K, committed 12416K, reserved 1060864K
  class space    used 1412K, capacity 1578K, committed 1664K, reserved 1048576K
}

Deoptimization events (10 events):
Event: 17.859 Thread 0x0000000002487000 Uncommon trap: reason=class_check action=maybe_recompile pc=0x0000000002fd24a0 method=com.google.gwt.dev.jjs.impl.DeadCodeElimination$DeadCodeVisitor.endVisit(Lcom/google/gwt/dev/jjs/ast/JMethodCall;Lcom/google/gwt/dev/jjs/ast/Context;)V @ 118
Event: 17.859 Thread 0x0000000002487000 Uncommon trap: reason=class_check action=maybe_recompile pc=0x0000000002fd24a0 method=com.google.gwt.dev.jjs.impl.DeadCodeElimination$DeadCodeVisitor.endVisit(Lcom/google/gwt/dev/jjs/ast/JMethodCall;Lcom/google/gwt/dev/jjs/ast/Context;)V @ 118
Event: 17.859 Thread 0x0000000002487000 Uncommon trap: reason=class_check action=maybe_recompile pc=0x0000000002fd24a0 method=com.google.gwt.dev.jjs.impl.DeadCodeElimination$DeadCodeVisitor.endVisit(Lcom/google/gwt/dev/jjs/ast/JMethodCall;Lcom/google/gwt/dev/jjs/ast/Context;)V @ 118
Event: 17.863 Thread 0x0000000002487000 Uncommon trap: reason=class_check action=maybe_recompile pc=0x0000000002fd24a0 method=com.google.gwt.dev.jjs.impl.DeadCodeElimination$DeadCodeVisitor.endVisit(Lcom/google/gwt/dev/jjs/ast/JMethodCall;Lcom/google/gwt/dev/jjs/ast/Context;)V @ 118
Event: 17.871 Thread 0x0000000002487000 Uncommon trap: reason=class_check action=maybe_recompile pc=0x0000000002fe0430 method=com.google.gwt.dev.jjs.impl.DeadCodeElimination$DeadCodeVisitor.staticallyEvaluateEq(Lcom/google/gwt/dev/jjs/ast/JExpression;Lcom/google/gwt/dev/jjs/ast/JExpression;)Lco
Event: 18.014 Thread 0x0000000002487000 Uncommon trap: reason=unstable_if action=reinterpret pc=0x0000000002fd9ee0 method=com.google.gwt.dev.jjs.impl.MethodInliner$OrderVisitor.endVisit(Lcom/google/gwt/dev/jjs/ast/JParameterRef;Lcom/google/gwt/dev/jjs/ast/Context;)V @ 23
Event: 18.035 Thread 0x0000000002487000 Uncommon trap: reason=bimorphic action=maybe_recompile pc=0x000000000302d278 method=com.google.gwt.dev.jjs.impl.EnumOrdinalizer.getEnumTypeFromArrayLeafType(Lcom/google/gwt/dev/jjs/ast/JType;)Lcom/google/gwt/dev/jjs/ast/JEnumType; @ 21
Event: 18.100 Thread 0x0000000002487000 Uncommon trap: reason=speculate_class_check action=maybe_recompile pc=0x0000000002b34748 method=com.google.gwt.thirdparty.guava.common.collect.ImmutableList.listIterator()Lcom/google/gwt/thirdparty/guava/common/collect/UnmodifiableListIterator; @ 2
Event: 18.263 Thread 0x0000000002487000 Uncommon trap: reason=unstable_if action=reinterpret pc=0x000000000308d7e8 method=com.google.gwt.dev.jjs.impl.Pruner$CleanupRefsVisitor.endVisit(Lcom/google/gwt/dev/jjs/ast/JFieldRef;Lcom/google/gwt/dev/jjs/ast/Context;)V @ 20
Event: 18.267 Thread 0x0000000002487000 Uncommon trap: reason=class_check action=maybe_recompile pc=0x0000000002c59050 method=com.google.gwt.dev.jjs.impl.Pruner$CleanupRefsVisitor.maybeReplaceForPrunedParameters(Lcom/google/gwt/dev/jjs/ast/JMethodCall;Lcom/google/gwt/dev/jjs/ast/Context;)V @ 24

Classes redefined (0 events):
No events

Internal exceptions (10 events):
Event: 6.090 Thread 0x0000000002487000 Exception <a 'java/lang/NoSuchMethodError': <clinit>> (0x00000000f729fa00) thrown at [C:\re\workspace\8-2-build-windows-amd64-cygwin\jdk8u162\10278\hotspot\src\share\vm\prims\jni.cpp, line 1613]
Event: 6.092 Thread 0x0000000002487000 Exception <a 'java/lang/NoSuchMethodError': <clinit>> (0x00000000f72ab3f8) thrown at [C:\re\workspace\8-2-build-windows-amd64-cygwin\jdk8u162\10278\hotspot\src\share\vm\prims\jni.cpp, line 1613]
Event: 6.093 Thread 0x0000000002487000 Exception <a 'java/lang/NoSuchMethodError': <clinit>> (0x00000000f72bff80) thrown at [C:\re\workspace\8-2-build-windows-amd64-cygwin\jdk8u162\10278\hotspot\src\share\vm\prims\jni.cpp, line 1613]
Event: 6.170 Thread 0x0000000002487000 Exception <a 'java/lang/NoSuchMethodError': <clinit>> (0x00000000f7320268) thrown at [C:\re\workspace\8-2-build-windows-amd64-cygwin\jdk8u162\10278\hotspot\src\share\vm\prims\jni.cpp, line 1613]
Event: 6.175 Thread 0x0000000002487000 Exception <a 'java/lang/NoSuchMethodError': <clinit>> (0x00000000f733c800) thrown at [C:\re\workspace\8-2-build-windows-amd64-cygwin\jdk8u162\10278\hotspot\src\share\vm\prims\jni.cpp, line 1613]
Event: 8.619 Thread 0x0000000002487000 Implicit null exception at 0x0000000002bd464c to 0x0000000002bd47cd
Event: 8.619 Thread 0x0000000002487000 Implicit null exception at 0x0000000002bab52b to 0x0000000002bab7b5
Event: 10.440 Thread 0x0000000002487000 Implicit null exception at 0x0000000002b5fcd1 to 0x0000000002b60c19
Event: 10.452 Thread 0x0000000002487000 Implicit null exception at 0x0000000002cc5fcf to 0x0000000002cc6239
Event: 13.880 Thread 0x0000000002487000 Implicit null exception at 0x0000000002a4561c to 0x0000000002a4565e

Events (10 events):
Event: 18.068 Executing VM operation: ForceSafepoint done
Event: 18.100 Thread 0x0000000002487000 Uncommon trap: trap_request=0xffffff76 fr.pc=0x0000000002b34748
Event: 18.100 Thread 0x0000000002487000 DEOPT PACKING pc=0x0000000002b34748 sp=0x000000000231e9e0
Event: 18.100 Thread 0x0000000002487000 DEOPT UNPACKING pc=0x00000000025c583b sp=0x000000000231e938 mode 2
Event: 18.263 Thread 0x0000000002487000 Uncommon trap: trap_request=0xffffff65 fr.pc=0x000000000308d7e8
Event: 18.263 Thread 0x0000000002487000 DEOPT PACKING pc=0x000000000308d7e8 sp=0x000000000231e7d0
Event: 18.263 Thread 0x0000000002487000 DEOPT UNPACKING pc=0x00000000025c583b sp=0x000000000231e788 mode 2
Event: 18.267 Thread 0x0000000002487000 Uncommon trap: trap_request=0xffffffde fr.pc=0x0000000002c59050
Event: 18.267 Thread 0x0000000002487000 DEOPT PACKING pc=0x0000000002c59050 sp=0x000000000231e710
Event: 18.267 Thread 0x0000000002487000 DEOPT UNPACKING pc=0x00000000025c583b sp=0x000000000231e720 mode 2


Dynamic libraries:
0x00007ff696df0000 - 0x00007ff696e27000 	C:\Program Files\Java\jdk1.8.0_162\jre\bin\java.exe
0x00007ffcd38a0000 - 0x00007ffcd3a90000 	C:\WINDOWS\SYSTEM32\ntdll.dll
0x00007ffcd2a20000 - 0x00007ffcd2ad2000 	C:\WINDOWS\System32\KERNEL32.DLL
0x00007ffcd1510000 - 0x00007ffcd17b4000 	C:\WINDOWS\System32\KERNELBASE.dll
0x00007ffcd3380000 - 0x00007ffcd3423000 	C:\WINDOWS\System32\ADVAPI32.dll
0x00007ffcd2730000 - 0x00007ffcd27ce000 	C:\WINDOWS\System32\msvcrt.dll
0x00007ffcd2db0000 - 0x00007ffcd2e47000 	C:\WINDOWS\System32\sechost.dll
0x00007ffcd2c90000 - 0x00007ffcd2db0000 	C:\WINDOWS\System32\RPCRT4.dll
0x00007ffcd2af0000 - 0x00007ffcd2c84000 	C:\WINDOWS\System32\USER32.dll
0x00007ffcd12a0000 - 0x00007ffcd12c1000 	C:\WINDOWS\System32\win32u.dll
0x00007ffcd21a0000 - 0x00007ffcd21c6000 	C:\WINDOWS\System32\GDI32.dll
0x00007ffcd0fb0000 - 0x00007ffcd1145000 	C:\WINDOWS\System32\gdi32full.dll
0x00007ffcd1300000 - 0x00007ffcd139e000 	C:\WINDOWS\System32\msvcp_win.dll
0x00007ffcd1410000 - 0x00007ffcd150a000 	C:\WINDOWS\System32\ucrtbase.dll
0x00007ffcaae70000 - 0x00007ffcab0f4000 	C:\WINDOWS\WinSxS\amd64_microsoft.windows.common-controls_6595b64144ccf1df_6.0.18362.900_none_e6beb9d913147d17\COMCTL32.dll
0x00007ffcd23f0000 - 0x00007ffcd2725000 	C:\WINDOWS\System32\combase.dll
0x00007ffcd18d0000 - 0x00007ffcd1950000 	C:\WINDOWS\System32\bcryptPrimitives.dll
0x00007ffcd3430000 - 0x00007ffcd345e000 	C:\WINDOWS\System32\IMM32.DLL
0x0000000055b60000 - 0x0000000055c31000 	C:\Program Files\Java\jdk1.8.0_162\jre\bin\msvcr100.dll
0x0000000054ce0000 - 0x0000000055580000 	C:\Program Files\Java\jdk1.8.0_162\jre\bin\server\jvm.dll
0x00007ffcd1950000 - 0x00007ffcd1958000 	C:\WINDOWS\System32\PSAPI.DLL
0x00007ffccd1e0000 - 0x00007ffccd1e9000 	C:\WINDOWS\SYSTEM32\WSOCK32.dll
0x00007ffcd37f0000 - 0x00007ffcd385f000 	C:\WINDOWS\System32\WS2_32.dll
0x00007ffcce750000 - 0x00007ffcce774000 	C:\WINDOWS\SYSTEM32\WINMM.dll
0x00007ffccc3e0000 - 0x00007ffccc3ea000 	C:\WINDOWS\SYSTEM32\VERSION.dll
0x00007ffcce6d0000 - 0x00007ffcce6fd000 	C:\WINDOWS\SYSTEM32\WINMMBASE.dll
0x00007ffcd13a0000 - 0x00007ffcd13ea000 	C:\WINDOWS\System32\cfgmgr32.dll
0x0000000056780000 - 0x000000005678f000 	C:\Program Files\Java\jdk1.8.0_162\jre\bin\verify.dll
0x0000000055b30000 - 0x0000000055b59000 	C:\Program Files\Java\jdk1.8.0_162\jre\bin\java.dll
0x0000000055b10000 - 0x0000000055b26000 	C:\Program Files\Java\jdk1.8.0_162\jre\bin\zip.dll
0x00007ffcd1960000 - 0x00007ffcd2046000 	C:\WINDOWS\System32\SHELL32.dll
0x00007ffcd27d0000 - 0x00007ffcd2879000 	C:\WINDOWS\System32\shcore.dll
0x00007ffcd0830000 - 0x00007ffcd0fb0000 	C:\WINDOWS\System32\windows.storage.dll
0x00007ffcd0800000 - 0x00007ffcd0823000 	C:\WINDOWS\System32\profapi.dll
0x00007ffcd0770000 - 0x00007ffcd07ba000 	C:\WINDOWS\System32\powrprof.dll
0x00007ffcd0760000 - 0x00007ffcd0770000 	C:\WINDOWS\System32\UMPDC.dll
0x00007ffcd3320000 - 0x00007ffcd3372000 	C:\WINDOWS\System32\shlwapi.dll
0x00007ffcd07c0000 - 0x00007ffcd07d1000 	C:\WINDOWS\System32\kernel.appcore.dll
0x00007ffcd13f0000 - 0x00007ffcd1407000 	C:\WINDOWS\System32\cryptsp.dll
0x0000000055af0000 - 0x0000000055b0a000 	C:\Program Files\Java\jdk1.8.0_162\jre\bin\net.dll
0x00007ffccff70000 - 0x00007ffccffd7000 	C:\WINDOWS\system32\mswsock.dll
0x00007ffccfcc0000 - 0x00007ffccfd8b000 	C:\WINDOWS\SYSTEM32\DNSAPI.dll
0x00007ffcd2ae0000 - 0x00007ffcd2ae8000 	C:\WINDOWS\System32\NSI.dll
0x00007ffccfc80000 - 0x00007ffccfcba000 	C:\WINDOWS\SYSTEM32\IPHLPAPI.DLL
0x00007ffcc8d70000 - 0x00007ffcc8d7a000 	C:\Windows\System32\rasadhlp.dll
0x00007ffcc9f10000 - 0x00007ffcc9f87000 	C:\WINDOWS\System32\fwpuclnt.dll
0x00007ffcd12d0000 - 0x00007ffcd12f6000 	C:\WINDOWS\System32\bcrypt.dll
0x00007ffccfae0000 - 0x00007ffccfb13000 	C:\WINDOWS\system32\rsaenh.dll
0x00007ffcd0680000 - 0x00007ffcd06a5000 	C:\WINDOWS\SYSTEM32\USERENV.dll
0x00007ffcd0140000 - 0x00007ffcd014c000 	C:\WINDOWS\SYSTEM32\CRYPTBASE.dll
0x00007ffcca090000 - 0x00007ffcca0a6000 	C:\WINDOWS\SYSTEM32\dhcpcsvc6.DLL
0x00007ffccaab0000 - 0x00007ffccaacc000 	C:\WINDOWS\SYSTEM32\dhcpcsvc.DLL
0x0000000055ad0000 - 0x0000000055ae1000 	C:\Program Files\Java\jdk1.8.0_162\jre\bin\nio.dll

VM Arguments:
jvm_args: -Xmx512m 
java_command: com.google.gwt.dev.CompilePermsServer -host localhost -port 63837 -logLevel INFO -cookie 693C6864CFE18E87F86176679D099328
java_class_path (initial): D:\Ashi\Project\shiptime\GWEDemoWorkspace\WebSocket\target\WebSocket-0.0.1-SNAPSHOT\WEB-INF\classes;D:\Ashi\Project\shiptime\GWEDemoWorkspace\WebSocket\src\main\java;C:\Users\Admin\.m2\repository\io\jsonwebtoken\jjwt-api\0.11.2\jjwt-api-0.11.2.jar;C:\Users\Admin\.m2\repository\org\eclipse\jetty\jetty-server\9.2.14.v20151106\jetty-server-9.2.14.v20151106.jar;C:\Users\Admin\.m2\repository\javax\servlet\javax.servlet-api\3.1.0\javax.servlet-api-3.1.0.jar;C:\Users\Admin\.m2\repository\org\eclipse\jetty\jetty-http\9.2.14.v20151106\jetty-http-9.2.14.v20151106.jar;C:\Users\Admin\.m2\repository\org\eclipse\jetty\jetty-util\9.2.14.v20151106\jetty-util-9.2.14.v20151106.jar;C:\Users\Admin\.m2\repository\org\eclipse\jetty\jetty-io\9.2.14.v20151106\jetty-io-9.2.14.v20151106.jar;C:\Users\Admin\.m2\repository\com\google\gwt\gwt-user\2.8.2\gwt-user-2.8.2.jar;C:\Users\Admin\.m2\repository\com\google\jsinterop\jsinterop-annotations\1.0.2\jsinterop-annotations-1.0.2.jar;C:\Users\Admin\.m2\repository\com\google\jsinterop\jsinterop-annotations\1.0.2\jsinterop-annotations-1.0.2-sources.jar;C:\Users\Admin\.m2\repository\javax\validation\validation-api\1.0.0.GA\validation-api-1.0.0.GA.jar;C:\Users\Admin\.m2\repository\javax\validation\validation-api\1.0.0.GA\validation-api-1.0.0.GA-sources.jar;C:\Users\Admin\.m2\repository\org\w3c\css\sac\1.3\sac-1.3.jar;C:\Users\Admin\.m2\repository\com\google\gwt\gwt-dev\2.8.2\gwt-dev-2.8.2.jar;C:\Users\Admin\.m2\repository\com\google\code\findbugs\jsr305\1.3.9\jsr305-1.3.9.jar;C:\Users\Admin\.m2\repository\com\google\code\gson\gson\2.6.2\gson-2.6.2.jar;C:\Users\Admin\.m2\repository\org\ow2\asm\asm\5.0.3\asm-5.0.3.jar;C:\Users\Admin\.m2\repository\org\ow2\asm\asm-util\5.0.3\asm-util-5.0.3.jar;C:\Users\Admin\.m2\repository\org\ow2\asm\asm-tree\5.0.3\asm-tree-5.0.3.jar;C:\Users\Admin\.m2\repository\org\ow2\asm\asm-commons\5.0.3\asm-commons-5.0.3.jar;C:\Users\Admin\.m2\repository\colt\colt\1.2.0\colt-1.2.0.jar;C:\Users\Admin\.m2
Launcher Type: SUN_STANDARD

Environment Variables:
JAVA_HOME=C:\Program Files\Java\jdk1.8.0_162
JRE_HOME=C:\Program Files\Java\jre1.8.0_162
PATH=C:\ProgramData\Oracle\Java\javapath;C:\WINDOWS\system32;C:\WINDOWS;C:\WINDOWS\System32\Wbem;C:\WINDOWS\System32\WindowsPowerShell\v1.0\;C:\Python27;C:\Program Files\Git\cmd;C:\Program Files\apache-maven-3.6.0\bin;C:\Program Files\Java\jdk1.8.0_162\bin;C:\Program Files\Java\jre1.8.0_162\bin;C:\Program Files\Microsoft SQL Server\Client SDK\ODBC\110\Tools\Binn\;C:\Program Files (x86)\Microsoft SQL Server\120\Tools\Binn\ManagementStudio\;C:\Program Files (x86)\Microsoft SQL Server\120\Tools\Binn\;C:\Program Files\Microsoft SQL Server\120\Tools\Binn\;C:\Program Files (x86)\Microsoft SQL Server\120\DTS\Binn\;C:\Program Files\Microsoft SQL Server\120\DTS\Binn\;C:\WINDOWS\System32\OpenSSH\;C:\Program Files\nodejs\;C:\Program Files (x86)\Windows Live\Shared;C:\Program Files\Microsoft SQL Server\Client SDK\ODBC\170\Tools\Binn\;C:\Program Files (x86)\Microsoft SQL Server\150\Tools\Binn\;C:\Program Files\Microsoft SQL Server\150\Tools\Binn\;C:\Program Files\Microsoft SQL Server\150\DTS\Binn\;C:\Program Files\MySQL\MySQL Shell 8.0\bin\;C:\Users\Admin\AppData\Local\Microsoft\WindowsApps;C:\Users\Admin\AppData\Roaming\npm
USERNAME=Admin
OS=Windows_NT
PROCESSOR_IDENTIFIER=Intel64 Family 6 Model 94 Stepping 3, GenuineIntel



---------------  S Y S T E M  ---------------

OS: Windows 10.0 , 64 bit Build 18362 (10.0.18362.900)

CPU:total 4 (initial active 4) (2 cores per cpu, 2 threads per core) family 6 model 94 stepping 3, cmov, cx8, fxsr, mmx, sse, sse2, sse3, ssse3, sse4.1, sse4.2, popcnt, avx, avx2, aes, clmul, erms, 3dnowpref, lzcnt, ht, tsc, tscinvbit, bmi1, bmi2, adx

Memory: 4k page, physical 8283808k(423004k free), swap 22805728k(5436k free)

vm_info: Java HotSpot(TM) 64-Bit Server VM (25.162-b12) for windows-amd64 JRE (1.8.0_162-b12), built on Dec 19 2017 20:00:03 by "java_re" with MS VC++ 10.0 (VS2010)

time: Sat Jul 11 15:41:25 2020
elapsed time: 18 seconds (0d 0h 0m 18s)

