#
# There is insufficient memory for the Java Runtime Environment to continue.
# Native memory allocation (malloc) failed to allocate 1094656 bytes for Chunk::new
# Possible reasons:
#   The system is out of physical RAM or swap space
#   In 32 bit mode, the process size limit was hit
# Possible solutions:
#   Reduce memory load on the system
#   Increase physical memory or swap space
#   Check if swap backing store is full
#   Use 64 bit Java on a 64 bit OS
#   Decrease Java heap size (-Xmx/-Xms)
#   Decrease number of Java threads
#   Decrease Java thread stack sizes (-Xss)
#   Set larger code cache with -XX:ReservedCodeCacheSize=
# This output file may be truncated or incomplete.
#
#  Out of Memory Error (allocation.cpp:390), pid=20612, tid=0x0000000000005b70
#
# JRE version: Java(TM) SE Runtime Environment (8.0_162-b12) (build 1.8.0_162-b12)
# Java VM: Java HotSpot(TM) 64-Bit Server VM (25.162-b12 mixed mode windows-amd64 compressed oops)
# Failed to write core dump. Minidumps are not enabled by default on client versions of Windows
#

---------------  T H R E A D  ---------------

Current thread (0x00000000143a6800):  JavaThread "C2 CompilerThread0" daemon [_thread_in_native, id=23408, stack(0x0000000015a10000,0x0000000015b10000)]

Stack: [0x0000000015a10000,0x0000000015b10000]
[error occurred during error reporting (printing stack bounds), id 0xc0000005]

Native frames: (J=compiled Java code, j=interpreted, Vv=VM code, C=native code)


Current CompileTask:
C2:  18389 3622       4       com.google.gwt.dev.jjs.impl.Pruner$PruneVisitor::visit (95 bytes)


---------------  P R O C E S S  ---------------

Java Threads: ( => current thread )
  0x0000000015b1f800 JavaThread "Service Thread" daemon [_thread_blocked, id=23144, stack(0x0000000016110000,0x0000000016210000)]
  0x0000000015b19000 JavaThread "C1 CompilerThread2" daemon [_thread_blocked, id=22788, stack(0x0000000016010000,0x0000000016110000)]
  0x00000000143fc000 JavaThread "C2 CompilerThread1" daemon [_thread_in_native, id=8628, stack(0x0000000015f10000,0x0000000016010000)]
=>0x00000000143a6800 JavaThread "C2 CompilerThread0" daemon [_thread_in_native, id=23408, stack(0x0000000015a10000,0x0000000015b10000)]
  0x00000000143a5800 JavaThread "Attach Listener" daemon [_thread_blocked, id=6344, stack(0x0000000015910000,0x0000000015a10000)]
  0x00000000143a4000 JavaThread "Signal Dispatcher" daemon [_thread_blocked, id=13332, stack(0x0000000015810000,0x0000000015910000)]
  0x0000000014389800 JavaThread "Finalizer" daemon [_thread_blocked, id=9360, stack(0x0000000015610000,0x0000000015710000)]
  0x0000000002f77000 JavaThread "Reference Handler" daemon [_thread_blocked, id=19788, stack(0x0000000015510000,0x0000000015610000)]
  0x0000000002e87000 JavaThread "main" [_thread_in_Java, id=6896, stack(0x0000000002d80000,0x0000000002e80000)]

Other Threads:
  0x0000000014367000 VMThread [stack: 0x0000000015410000,0x0000000015510000] [id=19288]
  0x0000000015b61800 WatcherThread [stack: 0x0000000016210000,0x0000000016310000] [id=14376]

VM state:not at safepoint (normal execution)

VM Mutex/Monitor currently owned by a thread: None

Heap:
 PSYoungGen      total 138240K, used 73517K [0x00000000f5580000, 0x00000000fe180000, 0x0000000100000000)
  eden space 133120K, 51% used [0x00000000f5580000,0x00000000f984f410,0x00000000fd780000)
  from space 5120K, 99% used [0x00000000fdc80000,0x00000000fe17c030,0x00000000fe180000)
  to   space 5120K, 0% used [0x00000000fd780000,0x00000000fd780000,0x00000000fdc80000)
 ParOldGen       total 87552K, used 30471K [0x00000000e0000000, 0x00000000e5580000, 0x00000000f5580000)
  object space 87552K, 34% used [0x00000000e0000000,0x00000000e1dc1c08,0x00000000e5580000)
 Metaspace       used 11696K, capacity 12328K, committed 12416K, reserved 1060864K
  class space    used 1411K, capacity 1578K, committed 1664K, reserved 1048576K

Card table byte_map: [0x0000000012340000,0x0000000012450000] byte_map_base: 0x0000000011c40000

Marking Bits: (ParMarkBitMap*) 0x0000000055500860
 Begin Bits: [0x0000000012900000, 0x0000000013100000)
 End Bits:   [0x0000000013100000, 0x0000000013900000)

Polling page: 0x0000000002b80000

CodeCache: size=245760Kb used=11682Kb max_used=11693Kb free=234077Kb
 bounds [0x0000000002f80000, 0x0000000003b00000, 0x0000000011f80000]
 total_blobs=3894 nmethods=3576 adapters=229
 compilation: enabled

Compilation events (10 events):
Event: 18.095 Thread 0x0000000015b19000 3619       3       com.google.gwt.dev.jjs.ast.JArrayRef::hasSideEffects (39 bytes)
Event: 18.095 Thread 0x0000000015b19000 nmethod 3619 0x0000000003acacd0 code [0x0000000003acae80, 0x0000000003acb3b8]
Event: 18.107 Thread 0x00000000143a6800 nmethod 3618 0x0000000003af9fd0 code [0x0000000003afa180, 0x0000000003afab08]
Event: 18.107 Thread 0x00000000143a6800 3620       4       com.google.gwt.dev.jjs.impl.ControlFlowAnalyzer$RescueVisitor::rescueMembersAndInstantiateSuperInterfaces (44 bytes)
Event: 18.112 Thread 0x00000000143a6800 nmethod 3620 0x0000000003aca350 code [0x0000000003aca4e0, 0x0000000003aca848]
Event: 18.112 Thread 0x00000000143a6800 3621       4       com.google.gwt.thirdparty.guava.common.collect.ImmutableMap::containsKey (14 bytes)
Event: 18.115 Thread 0x00000000143a6800 nmethod 3621 0x0000000003adcf10 code [0x0000000003add060, 0x0000000003add258]
Event: 18.183 Thread 0x00000000143a6800 3622       4       com.google.gwt.dev.jjs.impl.Pruner$PruneVisitor::visit (95 bytes)
Event: 18.214 Thread 0x0000000015b19000 3625       1       com.google.gwt.dev.js.ast.JsVisitor::visit (2 bytes)
Event: 18.214 Thread 0x0000000015b19000 nmethod 3625 0x0000000003aca010 code [0x0000000003aca160, 0x0000000003aca270]

GC Heap History (8 events):
Event: 4.847 GC heap before
{Heap before GC invocations=1 (full 0):
 PSYoungGen      total 38400K, used 33280K [0x00000000f5580000, 0x00000000f8000000, 0x0000000100000000)
  eden space 33280K, 100% used [0x00000000f5580000,0x00000000f7600000,0x00000000f7600000)
  from space 5120K, 0% used [0x00000000f7b00000,0x00000000f7b00000,0x00000000f8000000)
  to   space 5120K, 0% used [0x00000000f7600000,0x00000000f7600000,0x00000000f7b00000)
 ParOldGen       total 87552K, used 0K [0x00000000e0000000, 0x00000000e5580000, 0x00000000f5580000)
  object space 87552K, 0% used [0x00000000e0000000,0x00000000e0000000,0x00000000e5580000)
 Metaspace       used 7593K, capacity 7920K, committed 8064K, reserved 1056768K
  class space    used 900K, capacity 1030K, committed 1152K, reserved 1048576K
Event: 4.899 GC heap after
Heap after GC invocations=1 (full 0):
 PSYoungGen      total 38400K, used 5112K [0x00000000f5580000, 0x00000000fa080000, 0x0000000100000000)
  eden space 33280K, 0% used [0x00000000f5580000,0x00000000f5580000,0x00000000f7600000)
  from space 5120K, 99% used [0x00000000f7600000,0x00000000f7afe1f8,0x00000000f7b00000)
  to   space 5120K, 0% used [0x00000000f9b80000,0x00000000f9b80000,0x00000000fa080000)
 ParOldGen       total 87552K, used 6205K [0x00000000e0000000, 0x00000000e5580000, 0x00000000f5580000)
  object space 87552K, 7% used [0x00000000e0000000,0x00000000e060f6b0,0x00000000e5580000)
 Metaspace       used 7593K, capacity 7920K, committed 8064K, reserved 1056768K
  class space    used 900K, capacity 1030K, committed 1152K, reserved 1048576K
}
Event: 6.662 GC heap before
{Heap before GC invocations=2 (full 0):
 PSYoungGen      total 38400K, used 38392K [0x00000000f5580000, 0x00000000fa080000, 0x0000000100000000)
  eden space 33280K, 100% used [0x00000000f5580000,0x00000000f7600000,0x00000000f7600000)
  from space 5120K, 99% used [0x00000000f7600000,0x00000000f7afe1f8,0x00000000f7b00000)
  to   space 5120K, 0% used [0x00000000f9b80000,0x00000000f9b80000,0x00000000fa080000)
 ParOldGen       total 87552K, used 6205K [0x00000000e0000000, 0x00000000e5580000, 0x00000000f5580000)
  object space 87552K, 7% used [0x00000000e0000000,0x00000000e060f6b0,0x00000000e5580000)
 Metaspace       used 9742K, capacity 10344K, committed 10368K, reserved 1058816K
  class space    used 1218K, capacity 1386K, committed 1408K, reserved 1048576K
Event: 6.744 GC heap after
Heap after GC invocations=2 (full 0):
 PSYoungGen      total 71680K, used 5088K [0x00000000f5580000, 0x00000000fa080000, 0x0000000100000000)
  eden space 66560K, 0% used [0x00000000f5580000,0x00000000f5580000,0x00000000f9680000)
  from space 5120K, 99% used [0x00000000f9b80000,0x00000000fa078040,0x00000000fa080000)
  to   space 5120K, 0% used [0x00000000f9680000,0x00000000f9680000,0x00000000f9b80000)
 ParOldGen       total 87552K, used 14830K [0x00000000e0000000, 0x00000000e5580000, 0x00000000f5580000)
  object space 87552K, 16% used [0x00000000e0000000,0x00000000e0e7b8c0,0x00000000e5580000)
 Metaspace       used 9742K, capacity 10344K, committed 10368K, reserved 1058816K
  class space    used 1218K, capacity 1386K, committed 1408K, reserved 1048576K
}
Event: 10.652 GC heap before
{Heap before GC invocations=3 (full 0):
 PSYoungGen      total 71680K, used 71648K [0x00000000f5580000, 0x00000000fa080000, 0x0000000100000000)
  eden space 66560K, 100% used [0x00000000f5580000,0x00000000f9680000,0x00000000f9680000)
  from space 5120K, 99% used [0x00000000f9b80000,0x00000000fa078040,0x00000000fa080000)
  to   space 5120K, 0% used [0x00000000f9680000,0x00000000f9680000,0x00000000f9b80000)
 ParOldGen       total 87552K, used 14830K [0x00000000e0000000, 0x00000000e5580000, 0x00000000f5580000)
  object space 87552K, 16% used [0x00000000e0000000,0x00000000e0e7b8c0,0x00000000e5580000)
 Metaspace       used 11106K, capacity 11752K, committed 11776K, reserved 1058816K
  class space    used 1356K, capacity 1514K, committed 1536K, reserved 1048576K
Event: 10.914 GC heap after
Heap after GC invocations=3 (full 0):
 PSYoungGen      total 71680K, used 5104K [0x00000000f5580000, 0x00000000fe180000, 0x0000000100000000)
  eden space 66560K, 0% used [0x00000000f5580000,0x00000000f5580000,0x00000000f9680000)
  from space 5120K, 99% used [0x00000000f9680000,0x00000000f9b7c030,0x00000000f9b80000)
  to   space 5120K, 0% used [0x00000000fdc80000,0x00000000fdc80000,0x00000000fe180000)
 ParOldGen       total 87552K, used 24475K [0x00000000e0000000, 0x00000000e5580000, 0x00000000f5580000)
  object space 87552K, 27% used [0x00000000e0000000,0x00000000e17e6d18,0x00000000e5580000)
 Metaspace       used 11106K, capacity 11752K, committed 11776K, reserved 1058816K
  class space    used 1356K, capacity 1514K, committed 1536K, reserved 1048576K
}
Event: 15.543 GC heap before
{Heap before GC invocations=4 (full 0):
 PSYoungGen      total 71680K, used 71664K [0x00000000f5580000, 0x00000000fe180000, 0x0000000100000000)
  eden space 66560K, 100% used [0x00000000f5580000,0x00000000f9680000,0x00000000f9680000)
  from space 5120K, 99% used [0x00000000f9680000,0x00000000f9b7c030,0x00000000f9b80000)
  to   space 5120K, 0% used [0x00000000fdc80000,0x00000000fdc80000,0x00000000fe180000)
 ParOldGen       total 87552K, used 24475K [0x00000000e0000000, 0x00000000e5580000, 0x00000000f5580000)
  object space 87552K, 27% used [0x00000000e0000000,0x00000000e17e6d18,0x00000000e5580000)
 Metaspace       used 11653K, capacity 12232K, committed 12416K, reserved 1060864K
  class space    used 1407K, capacity 1546K, committed 1664K, reserved 1048576K
Event: 15.561 GC heap after
Heap after GC invocations=4 (full 0):
 PSYoungGen      total 138240K, used 5104K [0x00000000f5580000, 0x00000000fe180000, 0x0000000100000000)
  eden space 133120K, 0% used [0x00000000f5580000,0x00000000f5580000,0x00000000fd780000)
  from space 5120K, 99% used [0x00000000fdc80000,0x00000000fe17c030,0x00000000fe180000)
  to   space 5120K, 0% used [0x00000000fd780000,0x00000000fd780000,0x00000000fdc80000)
 ParOldGen       total 87552K, used 30471K [0x00000000e0000000, 0x00000000e5580000, 0x00000000f5580000)
  object space 87552K, 34% used [0x00000000e0000000,0x00000000e1dc1c08,0x00000000e5580000)
 Metaspace       used 11653K, capacity 12232K, committed 12416K, reserved 1060864K
  class space    used 1407K, capacity 1546K, committed 1664K, reserved 1048576K
}

Deoptimization events (10 events):
Event: 17.143 Thread 0x0000000002e87000 Uncommon trap: reason=class_check action=maybe_recompile pc=0x0000000003972aa0 method=com.google.gwt.dev.jjs.impl.DeadCodeElimination$DeadCodeVisitor.endVisit(Lcom/google/gwt/dev/jjs/ast/JBinaryOperation;Lcom/google/gwt/dev/jjs/ast/Context;)V @ 122
Event: 17.143 Thread 0x0000000002e87000 Uncommon trap: reason=class_check action=maybe_recompile pc=0x0000000003972aa0 method=com.google.gwt.dev.jjs.impl.DeadCodeElimination$DeadCodeVisitor.endVisit(Lcom/google/gwt/dev/jjs/ast/JBinaryOperation;Lcom/google/gwt/dev/jjs/ast/Context;)V @ 122
Event: 17.416 Thread 0x0000000002e87000 Uncommon trap: reason=bimorphic action=maybe_recompile pc=0x00000000039c3434 method=com.google.gwt.dev.jjs.impl.EnumOrdinalizer.getEnumTypeFromArrayLeafType(Lcom/google/gwt/dev/jjs/ast/JType;)Lcom/google/gwt/dev/jjs/ast/JEnumType; @ 21
Event: 17.422 Thread 0x0000000002e87000 Uncommon trap: reason=bimorphic action=maybe_recompile pc=0x0000000003a7a7d0 method=com.google.gwt.dev.jjs.impl.ImplicitUpcastAnalyzer.endVisit(Lcom/google/gwt/dev/jjs/ast/JBinaryOperation;Lcom/google/gwt/dev/jjs/ast/Context;)V @ 87
Event: 17.422 Thread 0x0000000002e87000 Uncommon trap: reason=bimorphic action=maybe_recompile pc=0x0000000003a7a7d0 method=com.google.gwt.dev.jjs.impl.ImplicitUpcastAnalyzer.endVisit(Lcom/google/gwt/dev/jjs/ast/JBinaryOperation;Lcom/google/gwt/dev/jjs/ast/Context;)V @ 87
Event: 17.422 Thread 0x0000000002e87000 Uncommon trap: reason=bimorphic action=maybe_recompile pc=0x0000000003a7a7d0 method=com.google.gwt.dev.jjs.impl.ImplicitUpcastAnalyzer.endVisit(Lcom/google/gwt/dev/jjs/ast/JBinaryOperation;Lcom/google/gwt/dev/jjs/ast/Context;)V @ 87
Event: 17.422 Thread 0x0000000002e87000 Uncommon trap: reason=bimorphic action=maybe_recompile pc=0x0000000003a7a7d0 method=com.google.gwt.dev.jjs.impl.ImplicitUpcastAnalyzer.endVisit(Lcom/google/gwt/dev/jjs/ast/JBinaryOperation;Lcom/google/gwt/dev/jjs/ast/Context;)V @ 87
Event: 18.008 Thread 0x0000000002e87000 Uncommon trap: reason=bimorphic action=maybe_recompile pc=0x0000000003853ed0 method=com.google.gwt.dev.jjs.impl.MethodCallSpecializer$MethodCallSpecializingVisitor.endVisit(Lcom/google/gwt/dev/jjs/ast/JMethodCall;Lcom/google/gwt/dev/jjs/ast/Context;)V @ 8
Event: 18.070 Thread 0x0000000002e87000 Uncommon trap: reason=bimorphic action=maybe_recompile pc=0x00000000039c3434 method=com.google.gwt.dev.jjs.impl.EnumOrdinalizer.getEnumTypeFromArrayLeafType(Lcom/google/gwt/dev/jjs/ast/JType;)Lcom/google/gwt/dev/jjs/ast/JEnumType; @ 21
Event: 18.193 Thread 0x0000000002e87000 Uncommon trap: reason=class_check action=maybe_recompile pc=0x0000000003a9aa30 method=com.google.gwt.dev.jjs.impl.Pruner$CleanupRefsVisitor.maybeReplaceForPrunedParameters(Lcom/google/gwt/dev/jjs/ast/JMethodCall;Lcom/google/gwt/dev/jjs/ast/Context;)V @ 25

Classes redefined (0 events):
No events

Internal exceptions (10 events):
Event: 6.479 Thread 0x0000000002e87000 Exception <a 'java/lang/NoSuchMethodError': <clinit>> (0x00000000f7272330) thrown at [C:\re\workspace\8-2-build-windows-amd64-cygwin\jdk8u162\10278\hotspot\src\share\vm\prims\jni.cpp, line 1613]
Event: 6.480 Thread 0x0000000002e87000 Exception <a 'java/lang/NoSuchMethodError': <clinit>> (0x00000000f727c9a0) thrown at [C:\re\workspace\8-2-build-windows-amd64-cygwin\jdk8u162\10278\hotspot\src\share\vm\prims\jni.cpp, line 1613]
Event: 6.484 Thread 0x0000000002e87000 Exception <a 'java/lang/NoSuchMethodError': <clinit>> (0x00000000f7299558) thrown at [C:\re\workspace\8-2-build-windows-amd64-cygwin\jdk8u162\10278\hotspot\src\share\vm\prims\jni.cpp, line 1613]
Event: 6.486 Thread 0x0000000002e87000 Exception <a 'java/lang/NoSuchMethodError': <clinit>> (0x00000000f72a4990) thrown at [C:\re\workspace\8-2-build-windows-amd64-cygwin\jdk8u162\10278\hotspot\src\share\vm\prims\jni.cpp, line 1613]
Event: 6.488 Thread 0x0000000002e87000 Exception <a 'java/lang/NoSuchMethodError': <clinit>> (0x00000000f72b9518) thrown at [C:\re\workspace\8-2-build-windows-amd64-cygwin\jdk8u162\10278\hotspot\src\share\vm\prims\jni.cpp, line 1613]
Event: 6.505 Thread 0x0000000002e87000 Exception <a 'java/lang/NoSuchMethodError': <clinit>> (0x00000000f7319408) thrown at [C:\re\workspace\8-2-build-windows-amd64-cygwin\jdk8u162\10278\hotspot\src\share\vm\prims\jni.cpp, line 1613]
Event: 6.567 Thread 0x0000000002e87000 Exception <a 'java/lang/NoSuchMethodError': <clinit>> (0x00000000f73359a0) thrown at [C:\re\workspace\8-2-build-windows-amd64-cygwin\jdk8u162\10278\hotspot\src\share\vm\prims\jni.cpp, line 1613]
Event: 7.709 Thread 0x0000000002e87000 Implicit null exception at 0x00000000035cad01 to 0x00000000035caee5
Event: 8.553 Thread 0x0000000002e87000 Implicit null exception at 0x0000000003569695 to 0x000000000356a575
Event: 8.563 Thread 0x0000000002e87000 Implicit null exception at 0x000000000369c6cf to 0x000000000369c939

Events (10 events):
Event: 18.008 Thread 0x0000000002e87000 DEOPT PACKING pc=0x0000000003853ed0 sp=0x0000000002e7e8f0
Event: 18.008 Thread 0x0000000002e87000 DEOPT UNPACKING pc=0x0000000002fc583b sp=0x0000000002e7e890 mode 2
Event: 18.070 Thread 0x0000000002e87000 Uncommon trap: trap_request=0xffffffc6 fr.pc=0x00000000039c3434
Event: 18.070 Thread 0x0000000002e87000 DEOPT PACKING pc=0x00000000039c3434 sp=0x0000000002e7e500
Event: 18.070 Thread 0x0000000002e87000 DEOPT UNPACKING pc=0x0000000002fc583b sp=0x0000000002e7e230 mode 2
Event: 18.192 Executing VM operation: ForceSafepoint
Event: 18.192 Executing VM operation: ForceSafepoint done
Event: 18.193 Thread 0x0000000002e87000 Uncommon trap: trap_request=0xffffffde fr.pc=0x0000000003a9aa30
Event: 18.193 Thread 0x0000000002e87000 DEOPT PACKING pc=0x0000000003a9aa30 sp=0x0000000002e7e8d0
Event: 18.193 Thread 0x0000000002e87000 DEOPT UNPACKING pc=0x0000000002fc583b sp=0x0000000002e7e8e8 mode 2


Dynamic libraries:
0x00007ff696df0000 - 0x00007ff696e27000 	C:\Program Files\Java\jdk1.8.0_162\jre\bin\java.exe
0x00007ffcd38a0000 - 0x00007ffcd3a90000 	C:\WINDOWS\SYSTEM32\ntdll.dll
0x00007ffcd2a20000 - 0x00007ffcd2ad2000 	C:\WINDOWS\System32\KERNEL32.DLL
0x00007ffcd1510000 - 0x00007ffcd17b4000 	C:\WINDOWS\System32\KERNELBASE.dll
0x00007ffcd3380000 - 0x00007ffcd3423000 	C:\WINDOWS\System32\ADVAPI32.dll
0x00007ffcd2730000 - 0x00007ffcd27ce000 	C:\WINDOWS\System32\msvcrt.dll
0x00007ffcd2db0000 - 0x00007ffcd2e47000 	C:\WINDOWS\System32\sechost.dll
0x00007ffcd2c90000 - 0x00007ffcd2db0000 	C:\WINDOWS\System32\RPCRT4.dll
0x00007ffcd2af0000 - 0x00007ffcd2c84000 	C:\WINDOWS\System32\USER32.dll
0x00007ffcd12a0000 - 0x00007ffcd12c1000 	C:\WINDOWS\System32\win32u.dll
0x00007ffcd21a0000 - 0x00007ffcd21c6000 	C:\WINDOWS\System32\GDI32.dll
0x00007ffcd0fb0000 - 0x00007ffcd1145000 	C:\WINDOWS\System32\gdi32full.dll
0x00007ffcd1300000 - 0x00007ffcd139e000 	C:\WINDOWS\System32\msvcp_win.dll
0x00007ffcd1410000 - 0x00007ffcd150a000 	C:\WINDOWS\System32\ucrtbase.dll
0x00007ffcaae70000 - 0x00007ffcab0f4000 	C:\WINDOWS\WinSxS\amd64_microsoft.windows.common-controls_6595b64144ccf1df_6.0.18362.900_none_e6beb9d913147d17\COMCTL32.dll
0x00007ffcd23f0000 - 0x00007ffcd2725000 	C:\WINDOWS\System32\combase.dll
0x00007ffcd18d0000 - 0x00007ffcd1950000 	C:\WINDOWS\System32\bcryptPrimitives.dll
0x00007ffcd3430000 - 0x00007ffcd345e000 	C:\WINDOWS\System32\IMM32.DLL
0x0000000055b60000 - 0x0000000055c31000 	C:\Program Files\Java\jdk1.8.0_162\jre\bin\msvcr100.dll
0x0000000054ce0000 - 0x0000000055580000 	C:\Program Files\Java\jdk1.8.0_162\jre\bin\server\jvm.dll
0x00007ffcd1950000 - 0x00007ffcd1958000 	C:\WINDOWS\System32\PSAPI.DLL
0x00007ffccd1e0000 - 0x00007ffccd1e9000 	C:\WINDOWS\SYSTEM32\WSOCK32.dll
0x00007ffcd37f0000 - 0x00007ffcd385f000 	C:\WINDOWS\System32\WS2_32.dll
0x00007ffcce750000 - 0x00007ffcce774000 	C:\WINDOWS\SYSTEM32\WINMM.dll
0x00007ffccc3e0000 - 0x00007ffccc3ea000 	C:\WINDOWS\SYSTEM32\VERSION.dll
0x00007ffcce6d0000 - 0x00007ffcce6fd000 	C:\WINDOWS\SYSTEM32\WINMMBASE.dll
0x00007ffcd13a0000 - 0x00007ffcd13ea000 	C:\WINDOWS\System32\cfgmgr32.dll
0x0000000056780000 - 0x000000005678f000 	C:\Program Files\Java\jdk1.8.0_162\jre\bin\verify.dll
0x0000000055b30000 - 0x0000000055b59000 	C:\Program Files\Java\jdk1.8.0_162\jre\bin\java.dll
0x0000000055b10000 - 0x0000000055b26000 	C:\Program Files\Java\jdk1.8.0_162\jre\bin\zip.dll
0x00007ffcd1960000 - 0x00007ffcd2046000 	C:\WINDOWS\System32\SHELL32.dll
0x00007ffcd27d0000 - 0x00007ffcd2879000 	C:\WINDOWS\System32\shcore.dll
0x00007ffcd0830000 - 0x00007ffcd0fb0000 	C:\WINDOWS\System32\windows.storage.dll
0x00007ffcd0800000 - 0x00007ffcd0823000 	C:\WINDOWS\System32\profapi.dll
0x00007ffcd0770000 - 0x00007ffcd07ba000 	C:\WINDOWS\System32\powrprof.dll
0x00007ffcd0760000 - 0x00007ffcd0770000 	C:\WINDOWS\System32\UMPDC.dll
0x00007ffcd3320000 - 0x00007ffcd3372000 	C:\WINDOWS\System32\shlwapi.dll
0x00007ffcd07c0000 - 0x00007ffcd07d1000 	C:\WINDOWS\System32\kernel.appcore.dll
0x00007ffcd13f0000 - 0x00007ffcd1407000 	C:\WINDOWS\System32\cryptsp.dll
0x0000000055af0000 - 0x0000000055b0a000 	C:\Program Files\Java\jdk1.8.0_162\jre\bin\net.dll
0x00007ffccff70000 - 0x00007ffccffd7000 	C:\WINDOWS\system32\mswsock.dll
0x00007ffccfcc0000 - 0x00007ffccfd8b000 	C:\WINDOWS\SYSTEM32\DNSAPI.dll
0x00007ffcd2ae0000 - 0x00007ffcd2ae8000 	C:\WINDOWS\System32\NSI.dll
0x00007ffccfc80000 - 0x00007ffccfcba000 	C:\WINDOWS\SYSTEM32\IPHLPAPI.DLL
0x00007ffcc8d70000 - 0x00007ffcc8d7a000 	C:\Windows\System32\rasadhlp.dll
0x00007ffcc9f10000 - 0x00007ffcc9f87000 	C:\WINDOWS\System32\fwpuclnt.dll
0x00007ffcd12d0000 - 0x00007ffcd12f6000 	C:\WINDOWS\System32\bcrypt.dll
0x00007ffccfae0000 - 0x00007ffccfb13000 	C:\WINDOWS\system32\rsaenh.dll
0x00007ffcd0680000 - 0x00007ffcd06a5000 	C:\WINDOWS\SYSTEM32\USERENV.dll
0x00007ffcd0140000 - 0x00007ffcd014c000 	C:\WINDOWS\SYSTEM32\CRYPTBASE.dll
0x00007ffcca090000 - 0x00007ffcca0a6000 	C:\WINDOWS\SYSTEM32\dhcpcsvc6.DLL
0x00007ffccaab0000 - 0x00007ffccaacc000 	C:\WINDOWS\SYSTEM32\dhcpcsvc.DLL
0x0000000055ad0000 - 0x0000000055ae1000 	C:\Program Files\Java\jdk1.8.0_162\jre\bin\nio.dll

VM Arguments:
jvm_args: -Xmx512m 
java_command: com.google.gwt.dev.CompilePermsServer -host localhost -port 63688 -logLevel INFO -cookie 39339007863734F70416DD4B2B8991DC
java_class_path (initial): D:\Ashi\Project\shiptime\GWEDemoWorkspace\WebSocket\target\WebSocket-0.0.1-SNAPSHOT\WEB-INF\classes;D:\Ashi\Project\shiptime\GWEDemoWorkspace\WebSocket\src\main\java;C:\Users\Admin\.m2\repository\io\jsonwebtoken\jjwt-api\0.11.2\jjwt-api-0.11.2.jar;C:\Users\Admin\.m2\repository\org\eclipse\jetty\jetty-server\9.2.14.v20151106\jetty-server-9.2.14.v20151106.jar;C:\Users\Admin\.m2\repository\javax\servlet\javax.servlet-api\3.1.0\javax.servlet-api-3.1.0.jar;C:\Users\Admin\.m2\repository\org\eclipse\jetty\jetty-http\9.2.14.v20151106\jetty-http-9.2.14.v20151106.jar;C:\Users\Admin\.m2\repository\org\eclipse\jetty\jetty-util\9.2.14.v20151106\jetty-util-9.2.14.v20151106.jar;C:\Users\Admin\.m2\repository\org\eclipse\jetty\jetty-io\9.2.14.v20151106\jetty-io-9.2.14.v20151106.jar;C:\Users\Admin\.m2\repository\com\google\gwt\gwt-user\2.8.2\gwt-user-2.8.2.jar;C:\Users\Admin\.m2\repository\com\google\jsinterop\jsinterop-annotations\1.0.2\jsinterop-annotations-1.0.2.jar;C:\Users\Admin\.m2\repository\com\google\jsinterop\jsinterop-annotations\1.0.2\jsinterop-annotations-1.0.2-sources.jar;C:\Users\Admin\.m2\repository\javax\validation\validation-api\1.0.0.GA\validation-api-1.0.0.GA.jar;C:\Users\Admin\.m2\repository\javax\validation\validation-api\1.0.0.GA\validation-api-1.0.0.GA-sources.jar;C:\Users\Admin\.m2\repository\org\w3c\css\sac\1.3\sac-1.3.jar;C:\Users\Admin\.m2\repository\com\google\gwt\gwt-dev\2.8.2\gwt-dev-2.8.2.jar;C:\Users\Admin\.m2\repository\com\google\code\findbugs\jsr305\1.3.9\jsr305-1.3.9.jar;C:\Users\Admin\.m2\repository\com\google\code\gson\gson\2.6.2\gson-2.6.2.jar;C:\Users\Admin\.m2\repository\org\ow2\asm\asm\5.0.3\asm-5.0.3.jar;C:\Users\Admin\.m2\repository\org\ow2\asm\asm-util\5.0.3\asm-util-5.0.3.jar;C:\Users\Admin\.m2\repository\org\ow2\asm\asm-tree\5.0.3\asm-tree-5.0.3.jar;C:\Users\Admin\.m2\repository\org\ow2\asm\asm-commons\5.0.3\asm-commons-5.0.3.jar;C:\Users\Admin\.m2\repository\colt\colt\1.2.0\colt-1.2.0.jar;C:\Users\Admin\.m2
Launcher Type: SUN_STANDARD

Environment Variables:
JAVA_HOME=C:\Program Files\Java\jdk1.8.0_162
JRE_HOME=C:\Program Files\Java\jre1.8.0_162
PATH=C:\ProgramData\Oracle\Java\javapath;C:\WINDOWS\system32;C:\WINDOWS;C:\WINDOWS\System32\Wbem;C:\WINDOWS\System32\WindowsPowerShell\v1.0\;C:\Python27;C:\Program Files\Git\cmd;C:\Program Files\apache-maven-3.6.0\bin;C:\Program Files\Java\jdk1.8.0_162\bin;C:\Program Files\Java\jre1.8.0_162\bin;C:\Program Files\Microsoft SQL Server\Client SDK\ODBC\110\Tools\Binn\;C:\Program Files (x86)\Microsoft SQL Server\120\Tools\Binn\ManagementStudio\;C:\Program Files (x86)\Microsoft SQL Server\120\Tools\Binn\;C:\Program Files\Microsoft SQL Server\120\Tools\Binn\;C:\Program Files (x86)\Microsoft SQL Server\120\DTS\Binn\;C:\Program Files\Microsoft SQL Server\120\DTS\Binn\;C:\WINDOWS\System32\OpenSSH\;C:\Program Files\nodejs\;C:\Program Files (x86)\Windows Live\Shared;C:\Program Files\Microsoft SQL Server\Client SDK\ODBC\170\Tools\Binn\;C:\Program Files (x86)\Microsoft SQL Server\150\Tools\Binn\;C:\Program Files\Microsoft SQL Server\150\Tools\Binn\;C:\Program Files\Microsoft SQL Server\150\DTS\Binn\;C:\Program Files\MySQL\MySQL Shell 8.0\bin\;C:\Users\Admin\AppData\Local\Microsoft\WindowsApps;C:\Users\Admin\AppData\Roaming\npm
USERNAME=Admin
OS=Windows_NT
PROCESSOR_IDENTIFIER=Intel64 Family 6 Model 94 Stepping 3, GenuineIntel



---------------  S Y S T E M  ---------------

OS: Windows 10.0 , 64 bit Build 18362 (10.0.18362.900)

CPU:total 4 (initial active 4) (2 cores per cpu, 2 threads per core) family 6 model 94 stepping 3, cmov, cx8, fxsr, mmx, sse, sse2, sse3, ssse3, sse4.1, sse4.2, popcnt, avx, avx2, aes, clmul, erms, 3dnowpref, lzcnt, ht, tsc, tscinvbit, bmi1, bmi2, adx

Memory: 4k page, physical 8283808k(390252k free), swap 22805728k(5196k free)

vm_info: Java HotSpot(TM) 64-Bit Server VM (25.162-b12) for windows-amd64 JRE (1.8.0_162-b12), built on Dec 19 2017 20:00:03 by "java_re" with MS VC++ 10.0 (VS2010)

time: Sat Jul 11 15:38:28 2020
elapsed time: 18 seconds (0d 0h 0m 18s)

