#
# There is insufficient memory for the Java Runtime Environment to continue.
# Native memory allocation (malloc) failed to allocate 416176 bytes for Chunk::new
# Possible reasons:
#   The system is out of physical RAM or swap space
#   In 32 bit mode, the process size limit was hit
# Possible solutions:
#   Reduce memory load on the system
#   Increase physical memory or swap space
#   Check if swap backing store is full
#   Use 64 bit Java on a 64 bit OS
#   Decrease Java heap size (-Xmx/-Xms)
#   Decrease number of Java threads
#   Decrease Java thread stack sizes (-Xss)
#   Set larger code cache with -XX:ReservedCodeCacheSize=
# This output file may be truncated or incomplete.
#
#  Out of Memory Error (allocation.cpp:390), pid=10616, tid=0x0000000000005054
#
# JRE version: Java(TM) SE Runtime Environment (8.0_162-b12) (build 1.8.0_162-b12)
# Java VM: Java HotSpot(TM) 64-Bit Server VM (25.162-b12 mixed mode windows-amd64 compressed oops)
# Failed to write core dump. Minidumps are not enabled by default on client versions of Windows
#

---------------  T H R E A D  ---------------

Current thread (0x00000000144ab000):  JavaThread "C2 CompilerThread1" daemon [_thread_in_native, id=20564, stack(0x0000000015c00000,0x0000000015d00000)]

Stack: [0x0000000015c00000,0x0000000015d00000]
[error occurred during error reporting (printing stack bounds), id 0xc0000005]

Native frames: (J=compiled Java code, j=interpreted, Vv=VM code, C=native code)


Current CompileTask:
C2:  25621 4249       4       com.google.gwt.dev.jjs.impl.gflow.cfg.CfgBuilder$BuilderVisitor::visit (226 bytes)


---------------  P R O C E S S  ---------------

Java Threads: ( => current thread )
  0x0000000015d18800 JavaThread "Service Thread" daemon [_thread_blocked, id=22668, stack(0x0000000016200000,0x0000000016300000)]
  0x0000000015d12000 JavaThread "C1 CompilerThread2" daemon [_thread_blocked, id=8508, stack(0x0000000016100000,0x0000000016200000)]
=>0x00000000144ab000 JavaThread "C2 CompilerThread1" daemon [_thread_in_native, id=20564, stack(0x0000000015c00000,0x0000000015d00000)]
  0x00000000144a7800 JavaThread "C2 CompilerThread0" daemon [_thread_blocked, id=14376, stack(0x0000000015b00000,0x0000000015c00000)]
  0x00000000144a6800 JavaThread "Attach Listener" daemon [_thread_blocked, id=11024, stack(0x0000000015a00000,0x0000000015b00000)]
  0x00000000144a5000 JavaThread "Signal Dispatcher" daemon [_thread_blocked, id=16104, stack(0x0000000015900000,0x0000000015a00000)]
  0x000000000307a800 JavaThread "Finalizer" daemon [_thread_blocked, id=15488, stack(0x0000000015700000,0x0000000015800000)]
  0x0000000003077000 JavaThread "Reference Handler" daemon [_thread_blocked, id=9328, stack(0x0000000015600000,0x0000000015700000)]
  0x0000000002f87000 JavaThread "main" [_thread_in_Java, id=13820, stack(0x0000000002e30000,0x0000000002f30000)]

Other Threads:
  0x0000000014467000 VMThread [stack: 0x0000000015500000,0x0000000015600000] [id=7800]
  0x0000000015d52000 WatcherThread [stack: 0x0000000016300000,0x0000000016400000] [id=10612]

VM state:not at safepoint (normal execution)

VM Mutex/Monitor currently owned by a thread: None

Heap:
 PSYoungGen      total 71680K, used 48643K [0x00000000f5580000, 0x00000000fa080000, 0x0000000100000000)
  eden space 66560K, 71% used [0x00000000f5580000,0x00000000f8430f88,0x00000000f9680000)
  from space 5120K, 16% used [0x00000000f9b80000,0x00000000f9c50000,0x00000000fa080000)
  to   space 5120K, 0% used [0x00000000f9680000,0x00000000f9680000,0x00000000f9b80000)
 ParOldGen       total 87552K, used 37174K [0x00000000e0000000, 0x00000000e5580000, 0x00000000f5580000)
  object space 87552K, 42% used [0x00000000e0000000,0x00000000e244dbf8,0x00000000e5580000)
 Metaspace       used 12314K, capacity 12968K, committed 13184K, reserved 1060864K
  class space    used 1490K, capacity 1642K, committed 1664K, reserved 1048576K

Card table byte_map: [0x0000000012440000,0x0000000012550000] byte_map_base: 0x0000000011d40000

Marking Bits: (ParMarkBitMap*) 0x0000000055500860
 Begin Bits: [0x0000000012a00000, 0x0000000013200000)
 End Bits:   [0x0000000013200000, 0x0000000013a00000)

Polling page: 0x0000000001140000

CodeCache: size=245760Kb used=12145Kb max_used=12156Kb free=233614Kb
 bounds [0x0000000003080000, 0x0000000003c80000, 0x0000000012080000]
 total_blobs=3921 nmethods=3601 adapters=230
 compilation: enabled

Compilation events (10 events):
Event: 25.573 Thread 0x00000000144a7800 4268       4       com.google.gwt.dev.util.collect.HashSet::find (50 bytes)
Event: 25.574 Thread 0x0000000015d12000 4271       3       com.google.gwt.dev.jjs.impl.RemoveEmptySuperCalls$EmptySuperCallVisitor::endVisit (132 bytes)
Event: 25.575 Thread 0x0000000015d12000 nmethod 4271 0x0000000003c691d0 code [0x0000000003c69520, 0x0000000003c6b208]
Event: 25.576 Thread 0x0000000015d12000 4272       3       com.google.gwt.dev.jjs.impl.JjsUtils::getThisOrSuperConstructorCall (65 bytes)
Event: 25.576 Thread 0x00000000144a7800 nmethod 4268 0x0000000003c66390 code [0x0000000003c664e0, 0x0000000003c666c8]
Event: 25.576 Thread 0x00000000144a7800 4269       4       com.google.gwt.dev.jjs.ast.JMethodCall::isStaticDispatchOnly (8 bytes)
Event: 25.576 Thread 0x0000000015d12000 nmethod 4272 0x0000000003c6e010 code [0x0000000003c6e1e0, 0x0000000003c6ed48]
Event: 25.576 Thread 0x00000000144a7800 nmethod 4269 0x0000000003c64ad0 code [0x0000000003c64c00, 0x0000000003c64c98]
Event: 25.576 Thread 0x00000000144a7800 4270       4       com.google.gwt.dev.jjs.ast.JMethodCall$Polymorphism::isStaticDispatchOnly (13 bytes)
Event: 25.577 Thread 0x00000000144a7800 nmethod 4270 0x0000000003653250 code [0x0000000003653380, 0x00000000036533f8]

GC Heap History (10 events):
Event: 18.776 GC heap before
{Heap before GC invocations=4 (full 0):
 PSYoungGen      total 71680K, used 71664K [0x00000000f5580000, 0x00000000fa080000, 0x0000000100000000)
  eden space 66560K, 100% used [0x00000000f5580000,0x00000000f9680000,0x00000000f9680000)
  from space 5120K, 99% used [0x00000000f9680000,0x00000000f9b7c010,0x00000000f9b80000)
  to   space 5120K, 0% used [0x00000000f9b80000,0x00000000f9b80000,0x00000000fa080000)
 ParOldGen       total 87552K, used 24451K [0x00000000e0000000, 0x00000000e5580000, 0x00000000f5580000)
  object space 87552K, 27% used [0x00000000e0000000,0x00000000e17e0e30,0x00000000e5580000)
 Metaspace       used 11661K, capacity 12264K, committed 12416K, reserved 1060864K
  class space    used 1412K, capacity 1578K, committed 1664K, reserved 1048576K
Event: 18.871 GC heap after
Heap after GC invocations=4 (full 0):
 PSYoungGen      total 71680K, used 5120K [0x00000000f5580000, 0x00000000fa080000, 0x0000000100000000)
  eden space 66560K, 0% used [0x00000000f5580000,0x00000000f5580000,0x00000000f9680000)
  from space 5120K, 100% used [0x00000000f9b80000,0x00000000fa080000,0x00000000fa080000)
  to   space 5120K, 0% used [0x00000000f9680000,0x00000000f9680000,0x00000000f9b80000)
 ParOldGen       total 87552K, used 30362K [0x00000000e0000000, 0x00000000e5580000, 0x00000000f5580000)
  object space 87552K, 34% used [0x00000000e0000000,0x00000000e1da6b58,0x00000000e5580000)
 Metaspace       used 11661K, capacity 12264K, committed 12416K, reserved 1060864K
  class space    used 1412K, capacity 1578K, committed 1664K, reserved 1048576K
}
Event: 21.428 GC heap before
{Heap before GC invocations=5 (full 0):
 PSYoungGen      total 71680K, used 71680K [0x00000000f5580000, 0x00000000fa080000, 0x0000000100000000)
  eden space 66560K, 100% used [0x00000000f5580000,0x00000000f9680000,0x00000000f9680000)
  from space 5120K, 100% used [0x00000000f9b80000,0x00000000fa080000,0x00000000fa080000)
  to   space 5120K, 0% used [0x00000000f9680000,0x00000000f9680000,0x00000000f9b80000)
 ParOldGen       total 87552K, used 30362K [0x00000000e0000000, 0x00000000e5580000, 0x00000000f5580000)
  object space 87552K, 34% used [0x00000000e0000000,0x00000000e1da6b58,0x00000000e5580000)
 Metaspace       used 11695K, capacity 12328K, committed 12416K, reserved 1060864K
  class space    used 1412K, capacity 1578K, committed 1664K, reserved 1048576K
Event: 21.532 GC heap after
Heap after GC invocations=5 (full 0):
 PSYoungGen      total 71680K, used 5120K [0x00000000f5580000, 0x00000000fa080000, 0x0000000100000000)
  eden space 66560K, 0% used [0x00000000f5580000,0x00000000f5580000,0x00000000f9680000)
  from space 5120K, 100% used [0x00000000f9680000,0x00000000f9b80000,0x00000000f9b80000)
  to   space 5120K, 0% used [0x00000000f9b80000,0x00000000f9b80000,0x00000000fa080000)
 ParOldGen       total 87552K, used 32166K [0x00000000e0000000, 0x00000000e5580000, 0x00000000f5580000)
  object space 87552K, 36% used [0x00000000e0000000,0x00000000e1f69b98,0x00000000e5580000)
 Metaspace       used 11695K, capacity 12328K, committed 12416K, reserved 1060864K
  class space    used 1412K, capacity 1578K, committed 1664K, reserved 1048576K
}
Event: 23.558 GC heap before
{Heap before GC invocations=6 (full 0):
 PSYoungGen      total 71680K, used 71680K [0x00000000f5580000, 0x00000000fa080000, 0x0000000100000000)
  eden space 66560K, 100% used [0x00000000f5580000,0x00000000f9680000,0x00000000f9680000)
  from space 5120K, 100% used [0x00000000f9680000,0x00000000f9b80000,0x00000000f9b80000)
  to   space 5120K, 0% used [0x00000000f9b80000,0x00000000f9b80000,0x00000000fa080000)
 ParOldGen       total 87552K, used 32166K [0x00000000e0000000, 0x00000000e5580000, 0x00000000f5580000)
  object space 87552K, 36% used [0x00000000e0000000,0x00000000e1f69b98,0x00000000e5580000)
 Metaspace       used 11717K, capacity 12328K, committed 12416K, reserved 1060864K
  class space    used 1412K, capacity 1578K, committed 1664K, reserved 1048576K
Event: 23.692 GC heap after
Heap after GC invocations=6 (full 0):
 PSYoungGen      total 71680K, used 5120K [0x00000000f5580000, 0x00000000fa080000, 0x0000000100000000)
  eden space 66560K, 0% used [0x00000000f5580000,0x00000000f5580000,0x00000000f9680000)
  from space 5120K, 100% used [0x00000000f9b80000,0x00000000fa080000,0x00000000fa080000)
  to   space 5120K, 0% used [0x00000000f9680000,0x00000000f9680000,0x00000000f9b80000)
 ParOldGen       total 87552K, used 32694K [0x00000000e0000000, 0x00000000e5580000, 0x00000000f5580000)
  object space 87552K, 37% used [0x00000000e0000000,0x00000000e1fedbb8,0x00000000e5580000)
 Metaspace       used 11717K, capacity 12328K, committed 12416K, reserved 1060864K
  class space    used 1412K, capacity 1578K, committed 1664K, reserved 1048576K
}
Event: 24.638 GC heap before
{Heap before GC invocations=7 (full 0):
 PSYoungGen      total 71680K, used 71680K [0x00000000f5580000, 0x00000000fa080000, 0x0000000100000000)
  eden space 66560K, 100% used [0x00000000f5580000,0x00000000f9680000,0x00000000f9680000)
  from space 5120K, 100% used [0x00000000f9b80000,0x00000000fa080000,0x00000000fa080000)
  to   space 5120K, 0% used [0x00000000f9680000,0x00000000f9680000,0x00000000f9b80000)
 ParOldGen       total 87552K, used 32694K [0x00000000e0000000, 0x00000000e5580000, 0x00000000f5580000)
  object space 87552K, 37% used [0x00000000e0000000,0x00000000e1fedbb8,0x00000000e5580000)
 Metaspace       used 12278K, capacity 12904K, committed 12928K, reserved 1060864K
  class space    used 1485K, capacity 1642K, committed 1664K, reserved 1048576K
Event: 24.838 GC heap after
Heap after GC invocations=7 (full 0):
 PSYoungGen      total 71680K, used 2626K [0x00000000f5580000, 0x00000000fa080000, 0x0000000100000000)
  eden space 66560K, 0% used [0x00000000f5580000,0x00000000f5580000,0x00000000f9680000)
  from space 5120K, 51% used [0x00000000f9680000,0x00000000f9910bc8,0x00000000f9b80000)
  to   space 5120K, 0% used [0x00000000f9b80000,0x00000000f9b80000,0x00000000fa080000)
 ParOldGen       total 87552K, used 35758K [0x00000000e0000000, 0x00000000e5580000, 0x00000000f5580000)
  object space 87552K, 40% used [0x00000000e0000000,0x00000000e22ebbc8,0x00000000e5580000)
 Metaspace       used 12278K, capacity 12904K, committed 12928K, reserved 1060864K
  class space    used 1485K, capacity 1642K, committed 1664K, reserved 1048576K
}
Event: 25.321 GC heap before
{Heap before GC invocations=8 (full 0):
 PSYoungGen      total 71680K, used 69186K [0x00000000f5580000, 0x00000000fa080000, 0x0000000100000000)
  eden space 66560K, 100% used [0x00000000f5580000,0x00000000f9680000,0x00000000f9680000)
  from space 5120K, 51% used [0x00000000f9680000,0x00000000f9910bc8,0x00000000f9b80000)
  to   space 5120K, 0% used [0x00000000f9b80000,0x00000000f9b80000,0x00000000fa080000)
 ParOldGen       total 87552K, used 35758K [0x00000000e0000000, 0x00000000e5580000, 0x00000000f5580000)
  object space 87552K, 40% used [0x00000000e0000000,0x00000000e22ebbc8,0x00000000e5580000)
 Metaspace       used 12300K, capacity 12904K, committed 12928K, reserved 1060864K
  class space    used 1488K, capacity 1642K, committed 1664K, reserved 1048576K
Event: 25.402 GC heap after
Heap after GC invocations=8 (full 0):
 PSYoungGen      total 71680K, used 832K [0x00000000f5580000, 0x00000000fa080000, 0x0000000100000000)
  eden space 66560K, 0% used [0x00000000f5580000,0x00000000f5580000,0x00000000f9680000)
  from space 5120K, 16% used [0x00000000f9b80000,0x00000000f9c50000,0x00000000fa080000)
  to   space 5120K, 0% used [0x00000000f9680000,0x00000000f9680000,0x00000000f9b80000)
 ParOldGen       total 87552K, used 37174K [0x00000000e0000000, 0x00000000e5580000, 0x00000000f5580000)
  object space 87552K, 42% used [0x00000000e0000000,0x00000000e244dbf8,0x00000000e5580000)
 Metaspace       used 12300K, capacity 12904K, committed 12928K, reserved 1060864K
  class space    used 1488K, capacity 1642K, committed 1664K, reserved 1048576K
}

Deoptimization events (10 events):
Event: 24.846 Thread 0x0000000002f87000 Uncommon trap: reason=null_check action=make_not_entrant pc=0x00000000032adbf4 method=com.google.gwt.dev.jjs.impl.gflow.copy.CopyIntegratedFlowFunction.interpretOrReplace(Lcom/google/gwt/dev/jjs/impl/gflow/cfg/CfgNode;Lcom/google/gwt/dev/jjs/impl/gflow/cf
Event: 24.848 Thread 0x0000000002f87000 Uncommon trap: reason=null_check action=make_not_entrant pc=0x00000000033b1328 method=com.google.gwt.dev.jjs.impl.gflow.constants.ConstantsTransformationFunction.transform(Lcom/google/gwt/dev/jjs/impl/gflow/cfg/CfgNode;Lcom/google/gwt/dev/jjs/impl/gflow/c
Event: 24.848 Thread 0x0000000002f87000 Uncommon trap: reason=null_check action=make_not_entrant pc=0x000000000338d920 method=com.google.gwt.dev.jjs.impl.gflow.copy.CopyIntegratedFlowFunction.interpretOrReplace(Lcom/google/gwt/dev/jjs/impl/gflow/cfg/CfgNode;Lcom/google/gwt/dev/jjs/impl/gflow/cf
Event: 25.082 Thread 0x0000000002f87000 Uncommon trap: reason=bimorphic action=maybe_recompile pc=0x00000000034b6bec method=com.google.gwt.dev.jjs.impl.gflow.AnalysisSolver.applyTransformation(Lcom/google/gwt/dev/jjs/impl/gflow/Graph;Lcom/google/gwt/dev/jjs/impl/gflow/TransformationFunction;)Z 
Event: 25.185 Thread 0x0000000002f87000 Uncommon trap: reason=bimorphic action=maybe_recompile pc=0x00000000034b6bec method=com.google.gwt.dev.jjs.impl.gflow.AnalysisSolver.applyTransformation(Lcom/google/gwt/dev/jjs/impl/gflow/Graph;Lcom/google/gwt/dev/jjs/impl/gflow/TransformationFunction;)Z 
Event: 25.185 Thread 0x0000000002f87000 Uncommon trap: reason=class_check action=maybe_recompile pc=0x0000000003a35860 method=com.google.gwt.dev.jjs.impl.JChangeTrackingVisitor.endVisit(Lcom/google/gwt/dev/jjs/ast/JConstructor;Lcom/google/gwt/dev/jjs/ast/Context;)V @ 18
Event: 25.210 Thread 0x0000000002f87000 Uncommon trap: reason=bimorphic action=maybe_recompile pc=0x00000000034b6bec method=com.google.gwt.dev.jjs.impl.gflow.AnalysisSolver.applyTransformation(Lcom/google/gwt/dev/jjs/impl/gflow/Graph;Lcom/google/gwt/dev/jjs/impl/gflow/TransformationFunction;)Z 
Event: 25.212 Thread 0x0000000002f87000 Uncommon trap: reason=null_check action=make_not_entrant pc=0x00000000036a0cec method=com.google.gwt.dev.jjs.impl.gflow.CombinedIntegratedAnalysis$CombinedAssumption.equals(Ljava/lang/Object;)Z @ 81
Event: 25.529 Thread 0x0000000002f87000 Uncommon trap: reason=bimorphic action=maybe_recompile pc=0x00000000034b6bec method=com.google.gwt.dev.jjs.impl.gflow.AnalysisSolver.applyTransformation(Lcom/google/gwt/dev/jjs/impl/gflow/Graph;Lcom/google/gwt/dev/jjs/impl/gflow/TransformationFunction;)Z 
Event: 25.543 Thread 0x0000000002f87000 Uncommon trap: reason=class_check action=maybe_recompile pc=0x00000000039bb1bc method=com.google.gwt.dev.jjs.impl.JChangeTrackingVisitor.endVisit(Lcom/google/gwt/dev/jjs/ast/JMethod;Lcom/google/gwt/dev/jjs/ast/Context;)V @ 24

Classes redefined (0 events):
No events

Internal exceptions (10 events):
Event: 24.845 Thread 0x0000000002f87000 Implicit null exception at 0x000000000358bd3c to 0x000000000358be19
Event: 24.846 Thread 0x0000000002f87000 Implicit null exception at 0x000000000355340c to 0x0000000003553499
Event: 24.846 Thread 0x0000000002f87000 Implicit null exception at 0x0000000003bff1ef to 0x0000000003bff97d
Event: 24.846 Thread 0x0000000002f87000 Implicit null exception at 0x000000000340a9b8 to 0x000000000340b049
Event: 24.846 Thread 0x0000000002f87000 Implicit null exception at 0x000000000358ff46 to 0x000000000359037d
Event: 24.846 Thread 0x0000000002f87000 Implicit null exception at 0x00000000036371d3 to 0x0000000003637479
Event: 24.846 Thread 0x0000000002f87000 Implicit null exception at 0x00000000032ad680 to 0x00000000032adbe1
Event: 24.848 Thread 0x0000000002f87000 Implicit null exception at 0x00000000033b1214 to 0x00000000033b1311
Event: 24.848 Thread 0x0000000002f87000 Implicit null exception at 0x000000000338d3d8 to 0x000000000338d90d
Event: 25.212 Thread 0x0000000002f87000 Implicit null exception at 0x000000000369ff9b to 0x00000000036a0ca9

Events (10 events):
Event: 25.529 Thread 0x0000000002f87000 Uncommon trap: trap_request=0xffffffc6 fr.pc=0x00000000034b6bec
Event: 25.529 Thread 0x0000000002f87000 DEOPT PACKING pc=0x00000000034b6bec sp=0x0000000002f2e630
Event: 25.529 Thread 0x0000000002f87000 DEOPT UNPACKING pc=0x00000000030c583b sp=0x0000000002f2e618 mode 2
Event: 25.543 Thread 0x0000000002f87000 Uncommon trap: trap_request=0xffffffde fr.pc=0x00000000039bb1bc
Event: 25.543 Thread 0x0000000002f87000 DEOPT PACKING pc=0x00000000039bb1bc sp=0x0000000002f2e520
Event: 25.543 Thread 0x0000000002f87000 DEOPT UNPACKING pc=0x00000000030c583b sp=0x0000000002f2e4f8 mode 2
Event: 25.572 loading class com/google/gwt/dev/jjs/impl/RemoveEmptySuperCalls
Event: 25.572 loading class com/google/gwt/dev/jjs/impl/RemoveEmptySuperCalls done
Event: 25.572 loading class com/google/gwt/dev/jjs/impl/RemoveEmptySuperCalls$EmptySuperCallVisitor
Event: 25.572 loading class com/google/gwt/dev/jjs/impl/RemoveEmptySuperCalls$EmptySuperCallVisitor done


Dynamic libraries:
0x00007ff696df0000 - 0x00007ff696e27000 	C:\Program Files\Java\jdk1.8.0_162\jre\bin\java.exe
0x00007ffcd38a0000 - 0x00007ffcd3a90000 	C:\WINDOWS\SYSTEM32\ntdll.dll
0x00007ffcd2a20000 - 0x00007ffcd2ad2000 	C:\WINDOWS\System32\KERNEL32.DLL
0x00007ffcd1510000 - 0x00007ffcd17b4000 	C:\WINDOWS\System32\KERNELBASE.dll
0x00007ffcd3380000 - 0x00007ffcd3423000 	C:\WINDOWS\System32\ADVAPI32.dll
0x00007ffcd2730000 - 0x00007ffcd27ce000 	C:\WINDOWS\System32\msvcrt.dll
0x00007ffcd2db0000 - 0x00007ffcd2e47000 	C:\WINDOWS\System32\sechost.dll
0x00007ffcd2c90000 - 0x00007ffcd2db0000 	C:\WINDOWS\System32\RPCRT4.dll
0x00007ffcd2af0000 - 0x00007ffcd2c84000 	C:\WINDOWS\System32\USER32.dll
0x00007ffcd12a0000 - 0x00007ffcd12c1000 	C:\WINDOWS\System32\win32u.dll
0x00007ffcd21a0000 - 0x00007ffcd21c6000 	C:\WINDOWS\System32\GDI32.dll
0x00007ffcd0fb0000 - 0x00007ffcd1145000 	C:\WINDOWS\System32\gdi32full.dll
0x00007ffcd1300000 - 0x00007ffcd139e000 	C:\WINDOWS\System32\msvcp_win.dll
0x00007ffcd1410000 - 0x00007ffcd150a000 	C:\WINDOWS\System32\ucrtbase.dll
0x00007ffcaae70000 - 0x00007ffcab0f4000 	C:\WINDOWS\WinSxS\amd64_microsoft.windows.common-controls_6595b64144ccf1df_6.0.18362.900_none_e6beb9d913147d17\COMCTL32.dll
0x00007ffcd23f0000 - 0x00007ffcd2725000 	C:\WINDOWS\System32\combase.dll
0x00007ffcd18d0000 - 0x00007ffcd1950000 	C:\WINDOWS\System32\bcryptPrimitives.dll
0x00007ffcd3430000 - 0x00007ffcd345e000 	C:\WINDOWS\System32\IMM32.DLL
0x0000000055b60000 - 0x0000000055c31000 	C:\Program Files\Java\jdk1.8.0_162\jre\bin\msvcr100.dll
0x0000000054ce0000 - 0x0000000055580000 	C:\Program Files\Java\jdk1.8.0_162\jre\bin\server\jvm.dll
0x00007ffcd1950000 - 0x00007ffcd1958000 	C:\WINDOWS\System32\PSAPI.DLL
0x00007ffccd1e0000 - 0x00007ffccd1e9000 	C:\WINDOWS\SYSTEM32\WSOCK32.dll
0x00007ffcd37f0000 - 0x00007ffcd385f000 	C:\WINDOWS\System32\WS2_32.dll
0x00007ffcce750000 - 0x00007ffcce774000 	C:\WINDOWS\SYSTEM32\WINMM.dll
0x00007ffccc3e0000 - 0x00007ffccc3ea000 	C:\WINDOWS\SYSTEM32\VERSION.dll
0x00007ffcce6d0000 - 0x00007ffcce6fd000 	C:\WINDOWS\SYSTEM32\WINMMBASE.dll
0x00007ffcd13a0000 - 0x00007ffcd13ea000 	C:\WINDOWS\System32\cfgmgr32.dll
0x0000000056780000 - 0x000000005678f000 	C:\Program Files\Java\jdk1.8.0_162\jre\bin\verify.dll
0x0000000055b30000 - 0x0000000055b59000 	C:\Program Files\Java\jdk1.8.0_162\jre\bin\java.dll
0x0000000055b10000 - 0x0000000055b26000 	C:\Program Files\Java\jdk1.8.0_162\jre\bin\zip.dll
0x00007ffcd1960000 - 0x00007ffcd2046000 	C:\WINDOWS\System32\SHELL32.dll
0x00007ffcd27d0000 - 0x00007ffcd2879000 	C:\WINDOWS\System32\shcore.dll
0x00007ffcd0830000 - 0x00007ffcd0fb0000 	C:\WINDOWS\System32\windows.storage.dll
0x00007ffcd0800000 - 0x00007ffcd0823000 	C:\WINDOWS\System32\profapi.dll
0x00007ffcd0770000 - 0x00007ffcd07ba000 	C:\WINDOWS\System32\powrprof.dll
0x00007ffcd0760000 - 0x00007ffcd0770000 	C:\WINDOWS\System32\UMPDC.dll
0x00007ffcd3320000 - 0x00007ffcd3372000 	C:\WINDOWS\System32\shlwapi.dll
0x00007ffcd07c0000 - 0x00007ffcd07d1000 	C:\WINDOWS\System32\kernel.appcore.dll
0x00007ffcd13f0000 - 0x00007ffcd1407000 	C:\WINDOWS\System32\cryptsp.dll
0x0000000055af0000 - 0x0000000055b0a000 	C:\Program Files\Java\jdk1.8.0_162\jre\bin\net.dll
0x00007ffccff70000 - 0x00007ffccffd7000 	C:\WINDOWS\system32\mswsock.dll
0x00007ffccfcc0000 - 0x00007ffccfd8b000 	C:\WINDOWS\SYSTEM32\DNSAPI.dll
0x00007ffcd2ae0000 - 0x00007ffcd2ae8000 	C:\WINDOWS\System32\NSI.dll
0x00007ffccfc80000 - 0x00007ffccfcba000 	C:\WINDOWS\SYSTEM32\IPHLPAPI.DLL
0x00007ffcc8d70000 - 0x00007ffcc8d7a000 	C:\Windows\System32\rasadhlp.dll
0x00007ffcc9f10000 - 0x00007ffcc9f87000 	C:\WINDOWS\System32\fwpuclnt.dll
0x00007ffcd12d0000 - 0x00007ffcd12f6000 	C:\WINDOWS\System32\bcrypt.dll
0x00007ffccfae0000 - 0x00007ffccfb13000 	C:\WINDOWS\system32\rsaenh.dll
0x00007ffcd0680000 - 0x00007ffcd06a5000 	C:\WINDOWS\SYSTEM32\USERENV.dll
0x00007ffcd0140000 - 0x00007ffcd014c000 	C:\WINDOWS\SYSTEM32\CRYPTBASE.dll
0x00007ffcca090000 - 0x00007ffcca0a6000 	C:\WINDOWS\SYSTEM32\dhcpcsvc6.DLL
0x00007ffccaab0000 - 0x00007ffccaacc000 	C:\WINDOWS\SYSTEM32\dhcpcsvc.DLL
0x0000000055ad0000 - 0x0000000055ae1000 	C:\Program Files\Java\jdk1.8.0_162\jre\bin\nio.dll

VM Arguments:
jvm_args: -Xmx512m 
java_command: com.google.gwt.dev.CompilePermsServer -host localhost -port 63947 -logLevel INFO -cookie 95960C2299DA17CE8E1B65E3D2E98542
java_class_path (initial): D:\Ashi\Project\shiptime\GWEDemoWorkspace\WebSocket\target\WebSocket-0.0.1-SNAPSHOT\WEB-INF\classes;D:\Ashi\Project\shiptime\GWEDemoWorkspace\WebSocket\src\main\java;C:\Users\Admin\.m2\repository\io\jsonwebtoken\jjwt-api\0.11.2\jjwt-api-0.11.2.jar;C:\Users\Admin\.m2\repository\org\eclipse\jetty\jetty-server\9.2.14.v20151106\jetty-server-9.2.14.v20151106.jar;C:\Users\Admin\.m2\repository\javax\servlet\javax.servlet-api\3.1.0\javax.servlet-api-3.1.0.jar;C:\Users\Admin\.m2\repository\org\eclipse\jetty\jetty-http\9.2.14.v20151106\jetty-http-9.2.14.v20151106.jar;C:\Users\Admin\.m2\repository\org\eclipse\jetty\jetty-util\9.2.14.v20151106\jetty-util-9.2.14.v20151106.jar;C:\Users\Admin\.m2\repository\org\eclipse\jetty\jetty-io\9.2.14.v20151106\jetty-io-9.2.14.v20151106.jar;C:\Users\Admin\.m2\repository\com\google\gwt\gwt-user\2.8.2\gwt-user-2.8.2.jar;C:\Users\Admin\.m2\repository\com\google\jsinterop\jsinterop-annotations\1.0.2\jsinterop-annotations-1.0.2.jar;C:\Users\Admin\.m2\repository\com\google\jsinterop\jsinterop-annotations\1.0.2\jsinterop-annotations-1.0.2-sources.jar;C:\Users\Admin\.m2\repository\javax\validation\validation-api\1.0.0.GA\validation-api-1.0.0.GA.jar;C:\Users\Admin\.m2\repository\javax\validation\validation-api\1.0.0.GA\validation-api-1.0.0.GA-sources.jar;C:\Users\Admin\.m2\repository\org\w3c\css\sac\1.3\sac-1.3.jar;C:\Users\Admin\.m2\repository\com\google\gwt\gwt-dev\2.8.2\gwt-dev-2.8.2.jar;C:\Users\Admin\.m2\repository\com\google\code\findbugs\jsr305\1.3.9\jsr305-1.3.9.jar;C:\Users\Admin\.m2\repository\com\google\code\gson\gson\2.6.2\gson-2.6.2.jar;C:\Users\Admin\.m2\repository\org\ow2\asm\asm\5.0.3\asm-5.0.3.jar;C:\Users\Admin\.m2\repository\org\ow2\asm\asm-util\5.0.3\asm-util-5.0.3.jar;C:\Users\Admin\.m2\repository\org\ow2\asm\asm-tree\5.0.3\asm-tree-5.0.3.jar;C:\Users\Admin\.m2\repository\org\ow2\asm\asm-commons\5.0.3\asm-commons-5.0.3.jar;C:\Users\Admin\.m2\repository\colt\colt\1.2.0\colt-1.2.0.jar;C:\Users\Admin\.m2
Launcher Type: SUN_STANDARD

Environment Variables:
JAVA_HOME=C:\Program Files\Java\jdk1.8.0_162
JRE_HOME=C:\Program Files\Java\jre1.8.0_162
PATH=C:\ProgramData\Oracle\Java\javapath;C:\WINDOWS\system32;C:\WINDOWS;C:\WINDOWS\System32\Wbem;C:\WINDOWS\System32\WindowsPowerShell\v1.0\;C:\Python27;C:\Program Files\Git\cmd;C:\Program Files\apache-maven-3.6.0\bin;C:\Program Files\Java\jdk1.8.0_162\bin;C:\Program Files\Java\jre1.8.0_162\bin;C:\Program Files\Microsoft SQL Server\Client SDK\ODBC\110\Tools\Binn\;C:\Program Files (x86)\Microsoft SQL Server\120\Tools\Binn\ManagementStudio\;C:\Program Files (x86)\Microsoft SQL Server\120\Tools\Binn\;C:\Program Files\Microsoft SQL Server\120\Tools\Binn\;C:\Program Files (x86)\Microsoft SQL Server\120\DTS\Binn\;C:\Program Files\Microsoft SQL Server\120\DTS\Binn\;C:\WINDOWS\System32\OpenSSH\;C:\Program Files\nodejs\;C:\Program Files (x86)\Windows Live\Shared;C:\Program Files\Microsoft SQL Server\Client SDK\ODBC\170\Tools\Binn\;C:\Program Files (x86)\Microsoft SQL Server\150\Tools\Binn\;C:\Program Files\Microsoft SQL Server\150\Tools\Binn\;C:\Program Files\Microsoft SQL Server\150\DTS\Binn\;C:\Program Files\MySQL\MySQL Shell 8.0\bin\;C:\Users\Admin\AppData\Local\Microsoft\WindowsApps;C:\Users\Admin\AppData\Roaming\npm
USERNAME=Admin
OS=Windows_NT
PROCESSOR_IDENTIFIER=Intel64 Family 6 Model 94 Stepping 3, GenuineIntel



---------------  S Y S T E M  ---------------

OS: Windows 10.0 , 64 bit Build 18362 (10.0.18362.900)

CPU:total 4 (initial active 4) (2 cores per cpu, 2 threads per core) family 6 model 94 stepping 3, cmov, cx8, fxsr, mmx, sse, sse2, sse3, ssse3, sse4.1, sse4.2, popcnt, avx, avx2, aes, clmul, erms, 3dnowpref, lzcnt, ht, tsc, tscinvbit, bmi1, bmi2, adx

Memory: 4k page, physical 8283808k(529188k free), swap 22805728k(3364k free)

vm_info: Java HotSpot(TM) 64-Bit Server VM (25.162-b12) for windows-amd64 JRE (1.8.0_162-b12), built on Dec 19 2017 20:00:03 by "java_re" with MS VC++ 10.0 (VS2010)

time: Sat Jul 11 15:43:58 2020
elapsed time: 25 seconds (0d 0h 0m 25s)

