#
# There is insufficient memory for the Java Runtime Environment to continue.
# Native memory allocation (malloc) failed to allocate 972512 bytes for Chunk::new
# Possible reasons:
#   The system is out of physical RAM or swap space
#   In 32 bit mode, the process size limit was hit
# Possible solutions:
#   Reduce memory load on the system
#   Increase physical memory or swap space
#   Check if swap backing store is full
#   Use 64 bit Java on a 64 bit OS
#   Decrease Java heap size (-Xmx/-Xms)
#   Decrease number of Java threads
#   Decrease Java thread stack sizes (-Xss)
#   Set larger code cache with -XX:ReservedCodeCacheSize=
# This output file may be truncated or incomplete.
#
#  Out of Memory Error (allocation.cpp:390), pid=16980, tid=0x0000000000002b00
#
# JRE version: Java(TM) SE Runtime Environment (8.0_162-b12) (build 1.8.0_162-b12)
# Java VM: Java HotSpot(TM) 64-Bit Server VM (25.162-b12 mixed mode windows-amd64 compressed oops)
# Failed to write core dump. Minidumps are not enabled by default on client versions of Windows
#

---------------  T H R E A D  ---------------

Current thread (0x0000000014586800):  JavaThread "C2 CompilerThread0" daemon [_thread_in_native, id=11008, stack(0x0000000015be0000,0x0000000015ce0000)]

Stack: [0x0000000015be0000,0x0000000015ce0000]
[error occurred during error reporting (printing stack bounds), id 0xc0000005]

Native frames: (J=compiled Java code, j=interpreted, Vv=VM code, C=native code)


Current CompileTask:
C2:  32909 5998   !   4       java.io.ObjectOutputStream::writeObject0 (619 bytes)


---------------  P R O C E S S  ---------------

Java Threads: ( => current thread )
  0x0000000015de9000 JavaThread "Service Thread" daemon [_thread_blocked, id=19516, stack(0x00000000162e0000,0x00000000163e0000)]
  0x0000000015de8800 JavaThread "C1 CompilerThread2" daemon [_thread_blocked, id=17560, stack(0x00000000161e0000,0x00000000162e0000)]
  0x000000001458a000 JavaThread "C2 CompilerThread1" daemon [_thread_blocked, id=18532, stack(0x0000000015ce0000,0x0000000015de0000)]
=>0x0000000014586800 JavaThread "C2 CompilerThread0" daemon [_thread_in_native, id=11008, stack(0x0000000015be0000,0x0000000015ce0000)]
  0x0000000014585800 JavaThread "Attach Listener" daemon [_thread_blocked, id=4644, stack(0x0000000015ae0000,0x0000000015be0000)]
  0x0000000014584000 JavaThread "Signal Dispatcher" daemon [_thread_blocked, id=19596, stack(0x00000000159e0000,0x0000000015ae0000)]
  0x0000000014569800 JavaThread "Finalizer" daemon [_thread_blocked, id=16696, stack(0x00000000157e0000,0x00000000158e0000)]
  0x0000000003207000 JavaThread "Reference Handler" daemon [_thread_blocked, id=21128, stack(0x00000000156e0000,0x00000000157e0000)]
  0x0000000003117000 JavaThread "main" [_thread_in_native, id=18376, stack(0x0000000003010000,0x0000000003110000)]

Other Threads:
  0x0000000014547000 VMThread [stack: 0x00000000155e0000,0x00000000156e0000] [id=21296]
  0x0000000015dfc800 WatcherThread [stack: 0x00000000163e0000,0x00000000164e0000] [id=15544]

VM state:not at safepoint (normal execution)

VM Mutex/Monitor currently owned by a thread: None

Heap:
 PSYoungGen      total 158720K, used 112905K [0x00000000f5580000, 0x0000000100000000, 0x0000000100000000)
  eden space 143872K, 74% used [0x00000000f5580000,0x00000000fbe30490,0x00000000fe200000)
  from space 14848K, 38% used [0x00000000ff180000,0x00000000ff712048,0x0000000100000000)
  to   space 15360K, 0% used [0x00000000fe200000,0x00000000fe200000,0x00000000ff100000)
 ParOldGen       total 87552K, used 25749K [0x00000000e0000000, 0x00000000e5580000, 0x00000000f5580000)
  object space 87552K, 29% used [0x00000000e0000000,0x00000000e19255f8,0x00000000e5580000)
 Metaspace       used 14726K, capacity 15368K, committed 15488K, reserved 1062912K
  class space    used 1749K, capacity 1914K, committed 1920K, reserved 1048576K

Card table byte_map: [0x00000000125d0000,0x00000000126e0000] byte_map_base: 0x0000000011ed0000

Marking Bits: (ParMarkBitMap*) 0x0000000055500860
 Begin Bits: [0x0000000012ae0000, 0x00000000132e0000)
 End Bits:   [0x00000000132e0000, 0x0000000013ae0000)

Polling page: 0x0000000001590000

CodeCache: size=245760Kb used=15434Kb max_used=15438Kb free=230325Kb
 bounds [0x0000000003210000, 0x0000000004140000, 0x0000000012210000]
 total_blobs=5306 nmethods=4979 adapters=237
 compilation: enabled

Compilation events (10 events):
Event: 32.800 Thread 0x0000000015de8800 6022       3       java.io.ObjectStreamClass$FieldReflector::getObjFieldValues (99 bytes)
Event: 32.801 Thread 0x0000000015de8800 nmethod 6022 0x0000000004138690 code [0x0000000004138840, 0x0000000004138dd8]
Event: 32.801 Thread 0x000000001458a000 6023       4       java.io.ObjectOutputStream$BlockDataOutputStream::setBlockDataMode (35 bytes)
Event: 32.802 Thread 0x000000001458a000 nmethod 6023 0x000000000412df90 code [0x000000000412e0e0, 0x000000000412e188]
Event: 32.807 Thread 0x0000000015de8800 6025       3       java.io.ObjectOutputStream::defaultWriteObject (54 bytes)
Event: 32.808 Thread 0x0000000015de8800 nmethod 6025 0x0000000004137590 code [0x0000000004137780, 0x0000000004137f28]
Event: 32.810 Thread 0x0000000015de8800 6026       1       java.util.TreeMap::comparator (5 bytes)
Event: 32.810 Thread 0x0000000015de8800 nmethod 6026 0x000000000413e210 code [0x000000000413e360, 0x000000000413e470]
Event: 32.814 Thread 0x0000000015de8800 6027       3       java.security.Provider$ServiceKey::equals (55 bytes)
Event: 32.814 Thread 0x0000000015de8800 nmethod 6027 0x000000000413d950 code [0x000000000413dae0, 0x000000000413e0d8]

GC Heap History (10 events):
Event: 8.316 GC heap before
{Heap before GC invocations=2 (full 0):
 PSYoungGen      total 38400K, used 38378K [0x00000000f5580000, 0x00000000fa080000, 0x0000000100000000)
  eden space 33280K, 100% used [0x00000000f5580000,0x00000000f7600000,0x00000000f7600000)
  from space 5120K, 99% used [0x00000000f7600000,0x00000000f7afaaf8,0x00000000f7b00000)
  to   space 5120K, 0% used [0x00000000f9b80000,0x00000000f9b80000,0x00000000fa080000)
 ParOldGen       total 87552K, used 5785K [0x00000000e0000000, 0x00000000e5580000, 0x00000000f5580000)
  object space 87552K, 6% used [0x00000000e0000000,0x00000000e05a67c0,0x00000000e5580000)
 Metaspace       used 10037K, capacity 10626K, committed 10752K, reserved 1058816K
  class space    used 1254K, capacity 1417K, committed 1536K, reserved 1048576K
Event: 8.466 GC heap after
Heap after GC invocations=2 (full 0):
 PSYoungGen      total 71680K, used 5104K [0x00000000f5580000, 0x00000000fa080000, 0x0000000100000000)
  eden space 66560K, 0% used [0x00000000f5580000,0x00000000f5580000,0x00000000f9680000)
  from space 5120K, 99% used [0x00000000f9b80000,0x00000000fa07c030,0x00000000fa080000)
  to   space 5120K, 0% used [0x00000000f9680000,0x00000000f9680000,0x00000000f9b80000)
 ParOldGen       total 87552K, used 14004K [0x00000000e0000000, 0x00000000e5580000, 0x00000000f5580000)
  object space 87552K, 15% used [0x00000000e0000000,0x00000000e0dad2e0,0x00000000e5580000)
 Metaspace       used 10037K, capacity 10626K, committed 10752K, reserved 1058816K
  class space    used 1254K, capacity 1417K, committed 1536K, reserved 1048576K
}
Event: 15.718 GC heap before
{Heap before GC invocations=3 (full 0):
 PSYoungGen      total 71680K, used 71664K [0x00000000f5580000, 0x00000000fa080000, 0x0000000100000000)
  eden space 66560K, 100% used [0x00000000f5580000,0x00000000f9680000,0x00000000f9680000)
  from space 5120K, 99% used [0x00000000f9b80000,0x00000000fa07c030,0x00000000fa080000)
  to   space 5120K, 0% used [0x00000000f9680000,0x00000000f9680000,0x00000000f9b80000)
 ParOldGen       total 87552K, used 14004K [0x00000000e0000000, 0x00000000e5580000, 0x00000000f5580000)
  object space 87552K, 15% used [0x00000000e0000000,0x00000000e0dad2e0,0x00000000e5580000)
 Metaspace       used 11166K, capacity 11810K, committed 12032K, reserved 1060864K
  class space    used 1362K, capacity 1513K, committed 1536K, reserved 1048576K
Event: 15.835 GC heap after
Heap after GC invocations=3 (full 0):
 PSYoungGen      total 71680K, used 5104K [0x00000000f5580000, 0x00000000fe180000, 0x0000000100000000)
  eden space 66560K, 0% used [0x00000000f5580000,0x00000000f5580000,0x00000000f9680000)
  from space 5120K, 99% used [0x00000000f9680000,0x00000000f9b7c030,0x00000000f9b80000)
  to   space 5120K, 0% used [0x00000000fdc80000,0x00000000fdc80000,0x00000000fe180000)
 ParOldGen       total 87552K, used 20517K [0x00000000e0000000, 0x00000000e5580000, 0x00000000f5580000)
  object space 87552K, 23% used [0x00000000e0000000,0x00000000e1409668,0x00000000e5580000)
 Metaspace       used 11166K, capacity 11810K, committed 12032K, reserved 1060864K
  class space    used 1362K, capacity 1513K, committed 1536K, reserved 1048576K
}
Event: 18.899 GC heap before
{Heap before GC invocations=4 (full 0):
 PSYoungGen      total 71680K, used 71664K [0x00000000f5580000, 0x00000000fe180000, 0x0000000100000000)
  eden space 66560K, 100% used [0x00000000f5580000,0x00000000f9680000,0x00000000f9680000)
  from space 5120K, 99% used [0x00000000f9680000,0x00000000f9b7c030,0x00000000f9b80000)
  to   space 5120K, 0% used [0x00000000fdc80000,0x00000000fdc80000,0x00000000fe180000)
 ParOldGen       total 87552K, used 20517K [0x00000000e0000000, 0x00000000e5580000, 0x00000000f5580000)
  object space 87552K, 23% used [0x00000000e0000000,0x00000000e1409668,0x00000000e5580000)
 Metaspace       used 11677K, capacity 12226K, committed 12416K, reserved 1060864K
  class space    used 1407K, capacity 1545K, committed 1664K, reserved 1048576K
Event: 19.026 GC heap after
Heap after GC invocations=4 (full 0):
 PSYoungGen      total 138240K, used 5088K [0x00000000f5580000, 0x00000000fe180000, 0x0000000100000000)
  eden space 133120K, 0% used [0x00000000f5580000,0x00000000f5580000,0x00000000fd780000)
  from space 5120K, 99% used [0x00000000fdc80000,0x00000000fe178040,0x00000000fe180000)
  to   space 5120K, 0% used [0x00000000fd780000,0x00000000fd780000,0x00000000fdc80000)
 ParOldGen       total 87552K, used 24335K [0x00000000e0000000, 0x00000000e5580000, 0x00000000f5580000)
  object space 87552K, 27% used [0x00000000e0000000,0x00000000e17c3ed8,0x00000000e5580000)
 Metaspace       used 11677K, capacity 12226K, committed 12416K, reserved 1060864K
  class space    used 1407K, capacity 1545K, committed 1664K, reserved 1048576K
}
Event: 23.800 GC heap before
{Heap before GC invocations=5 (full 0):
 PSYoungGen      total 138240K, used 138208K [0x00000000f5580000, 0x00000000fe180000, 0x0000000100000000)
  eden space 133120K, 100% used [0x00000000f5580000,0x00000000fd780000,0x00000000fd780000)
  from space 5120K, 99% used [0x00000000fdc80000,0x00000000fe178040,0x00000000fe180000)
  to   space 5120K, 0% used [0x00000000fd780000,0x00000000fd780000,0x00000000fdc80000)
 ParOldGen       total 87552K, used 24335K [0x00000000e0000000, 0x00000000e5580000, 0x00000000f5580000)
  object space 87552K, 27% used [0x00000000e0000000,0x00000000e17c3ed8,0x00000000e5580000)
 Metaspace       used 12278K, capacity 12898K, committed 12928K, reserved 1060864K
  class space    used 1484K, capacity 1641K, committed 1664K, reserved 1048576K
Event: 23.955 GC heap after
Heap after GC invocations=5 (full 0):
 PSYoungGen      total 138240K, used 5104K [0x00000000f5580000, 0x0000000100000000, 0x0000000100000000)
  eden space 133120K, 0% used [0x00000000f5580000,0x00000000f5580000,0x00000000fd780000)
  from space 5120K, 99% used [0x00000000fd780000,0x00000000fdc7c030,0x00000000fdc80000)
  to   space 14848K, 0% used [0x00000000ff180000,0x00000000ff180000,0x0000000100000000)
 ParOldGen       total 87552K, used 25749K [0x00000000e0000000, 0x00000000e5580000, 0x00000000f5580000)
  object space 87552K, 29% used [0x00000000e0000000,0x00000000e19255f8,0x00000000e5580000)
 Metaspace       used 12278K, capacity 12898K, committed 12928K, reserved 1060864K
  class space    used 1484K, capacity 1641K, committed 1664K, reserved 1048576K
}
Event: 26.915 GC heap before
{Heap before GC invocations=6 (full 0):
 PSYoungGen      total 138240K, used 138224K [0x00000000f5580000, 0x0000000100000000, 0x0000000100000000)
  eden space 133120K, 100% used [0x00000000f5580000,0x00000000fd780000,0x00000000fd780000)
  from space 5120K, 99% used [0x00000000fd780000,0x00000000fdc7c030,0x00000000fdc80000)
  to   space 14848K, 0% used [0x00000000ff180000,0x00000000ff180000,0x0000000100000000)
 ParOldGen       total 87552K, used 25749K [0x00000000e0000000, 0x00000000e5580000, 0x00000000f5580000)
  object space 87552K, 29% used [0x00000000e0000000,0x00000000e19255f8,0x00000000e5580000)
 Metaspace       used 12810K, capacity 13442K, committed 13568K, reserved 1060864K
  class space    used 1561K, capacity 1737K, committed 1792K, reserved 1048576K
Event: 27.226 GC heap after
Heap after GC invocations=6 (full 0):
 PSYoungGen      total 158720K, used 5704K [0x00000000f5580000, 0x0000000100000000, 0x0000000100000000)
  eden space 143872K, 0% used [0x00000000f5580000,0x00000000f5580000,0x00000000fe200000)
  from space 14848K, 38% used [0x00000000ff180000,0x00000000ff712048,0x0000000100000000)
  to   space 15360K, 0% used [0x00000000fe200000,0x00000000fe200000,0x00000000ff100000)
 ParOldGen       total 87552K, used 25749K [0x00000000e0000000, 0x00000000e5580000, 0x00000000f5580000)
  object space 87552K, 29% used [0x00000000e0000000,0x00000000e19255f8,0x00000000e5580000)
 Metaspace       used 12810K, capacity 13442K, committed 13568K, reserved 1060864K
  class space    used 1561K, capacity 1737K, committed 1792K, reserved 1048576K
}

Deoptimization events (10 events):
Event: 32.682 Thread 0x0000000003117000 Uncommon trap: reason=class_check action=maybe_recompile pc=0x000000000406ab9c method=java.io.PrintWriter.write(I)V @ 16
Event: 32.692 Thread 0x0000000003117000 Uncommon trap: reason=class_check action=maybe_recompile pc=0x0000000004130dd4 method=java.io.ObjectOutputStream$BlockDataOutputStream.drain()V @ 36
Event: 32.692 Thread 0x0000000003117000 Uncommon trap: reason=class_check action=maybe_recompile pc=0x0000000004130dd4 method=java.io.ObjectOutputStream$BlockDataOutputStream.drain()V @ 36
Event: 32.692 Thread 0x0000000003117000 Uncommon trap: reason=class_check action=maybe_recompile pc=0x0000000004130dd4 method=java.io.ObjectOutputStream$BlockDataOutputStream.drain()V @ 36
Event: 32.692 Thread 0x0000000003117000 Uncommon trap: reason=class_check action=maybe_recompile pc=0x0000000004130dd4 method=java.io.ObjectOutputStream$BlockDataOutputStream.drain()V @ 36
Event: 32.771 Thread 0x0000000003117000 Uncommon trap: reason=class_check action=maybe_recompile pc=0x0000000004132428 method=java.io.ObjectOutputStream$BlockDataOutputStream.writeBlockHeader(I)V @ 33
Event: 32.777 Thread 0x0000000003117000 Uncommon trap: reason=class_check action=maybe_recompile pc=0x0000000004132428 method=java.io.ObjectOutputStream$BlockDataOutputStream.writeBlockHeader(I)V @ 33
Event: 32.778 Thread 0x0000000003117000 Uncommon trap: reason=class_check action=maybe_recompile pc=0x0000000004132428 method=java.io.ObjectOutputStream$BlockDataOutputStream.writeBlockHeader(I)V @ 33
Event: 32.780 Thread 0x0000000003117000 Uncommon trap: reason=unstable_if action=reinterpret pc=0x0000000004124cdc method=java.io.ObjectOutputStream$BlockDataOutputStream.writeBytes(Ljava/lang/String;)V @ 22
Event: 32.781 Thread 0x0000000003117000 Uncommon trap: reason=class_check action=maybe_recompile pc=0x0000000004132428 method=java.io.ObjectOutputStream$BlockDataOutputStream.writeBlockHeader(I)V @ 33

Classes redefined (0 events):
No events

Internal exceptions (10 events):
Event: 32.689 Thread 0x0000000003117000 Exception <a 'java/lang/NoSuchMethodError': <clinit>> (0x00000000fbcb8d40) thrown at [C:\re\workspace\8-2-build-windows-amd64-cygwin\jdk8u162\10278\hotspot\src\share\vm\prims\jni.cpp, line 1613]
Event: 32.690 Thread 0x0000000003117000 Exception <a 'java/lang/NoSuchMethodError': <clinit>> (0x00000000fbcc5080) thrown at [C:\re\workspace\8-2-build-windows-amd64-cygwin\jdk8u162\10278\hotspot\src\share\vm\prims\jni.cpp, line 1613]
Event: 32.691 Thread 0x0000000003117000 Exception <a 'java/lang/NoSuchMethodError': <clinit>> (0x00000000fbcdd7f0) thrown at [C:\re\workspace\8-2-build-windows-amd64-cygwin\jdk8u162\10278\hotspot\src\share\vm\prims\jni.cpp, line 1613]
Event: 32.777 Thread 0x0000000003117000 Exception <a 'java/lang/NoSuchMethodError': <clinit>> (0x00000000fbd14768) thrown at [C:\re\workspace\8-2-build-windows-amd64-cygwin\jdk8u162\10278\hotspot\src\share\vm\prims\jni.cpp, line 1613]
Event: 32.777 Thread 0x0000000003117000 Exception <a 'java/lang/NoSuchMethodError': <clinit>> (0x00000000fbd15068) thrown at [C:\re\workspace\8-2-build-windows-amd64-cygwin\jdk8u162\10278\hotspot\src\share\vm\prims\jni.cpp, line 1613]
Event: 32.780 Thread 0x0000000003117000 Exception <a 'java/lang/NoSuchMethodError': <clinit>> (0x00000000fbd256d0) thrown at [C:\re\workspace\8-2-build-windows-amd64-cygwin\jdk8u162\10278\hotspot\src\share\vm\prims\jni.cpp, line 1613]
Event: 32.787 Thread 0x0000000003117000 Exception <a 'java/lang/NoSuchMethodError': <clinit>> (0x00000000fbd342c8) thrown at [C:\re\workspace\8-2-build-windows-amd64-cygwin\jdk8u162\10278\hotspot\src\share\vm\prims\jni.cpp, line 1613]
Event: 32.810 Thread 0x0000000003117000 Exception <a 'java/lang/NoSuchMethodError': <clinit>> (0x00000000fbd4ca30) thrown at [C:\re\workspace\8-2-build-windows-amd64-cygwin\jdk8u162\10278\hotspot\src\share\vm\prims\jni.cpp, line 1613]
Event: 32.813 Thread 0x0000000003117000 Exception <a 'java/lang/NoSuchMethodError': <clinit>> (0x00000000fbd4e1b8) thrown at [C:\re\workspace\8-2-build-windows-amd64-cygwin\jdk8u162\10278\hotspot\src\share\vm\prims\jni.cpp, line 1613]
Event: 32.814 Thread 0x0000000003117000 Exception <a 'java/lang/NoSuchMethodError': <clinit>> (0x00000000fbd56820) thrown at [C:\re\workspace\8-2-build-windows-amd64-cygwin\jdk8u162\10278\hotspot\src\share\vm\prims\jni.cpp, line 1613]

Events (10 events):
Event: 32.777 Thread 0x0000000003117000 DEOPT UNPACKING pc=0x000000000325583b sp=0x000000000310d500 mode 2
Event: 32.778 Thread 0x0000000003117000 Uncommon trap: trap_request=0xffffffde fr.pc=0x0000000004132428
Event: 32.778 Thread 0x0000000003117000 DEOPT PACKING pc=0x0000000004132428 sp=0x000000000310da60
Event: 32.778 Thread 0x0000000003117000 DEOPT UNPACKING pc=0x000000000325583b sp=0x000000000310da40 mode 2
Event: 32.780 Thread 0x0000000003117000 Uncommon trap: trap_request=0xffffff65 fr.pc=0x0000000004124cdc
Event: 32.780 Thread 0x0000000003117000 DEOPT PACKING pc=0x0000000004124cdc sp=0x000000000310ccf0
Event: 32.780 Thread 0x0000000003117000 DEOPT UNPACKING pc=0x000000000325583b sp=0x000000000310cca0 mode 2
Event: 32.781 Thread 0x0000000003117000 Uncommon trap: trap_request=0xffffffde fr.pc=0x0000000004132428
Event: 32.781 Thread 0x0000000003117000 DEOPT PACKING pc=0x0000000004132428 sp=0x000000000310bcf0
Event: 32.781 Thread 0x0000000003117000 DEOPT UNPACKING pc=0x000000000325583b sp=0x000000000310bcd0 mode 2


Dynamic libraries:
0x00007ff6571f0000 - 0x00007ff657227000 	C:\Program Files\Java\jdk1.8.0_162\jre\bin\java.exe
0x00007ffcd38a0000 - 0x00007ffcd3a90000 	C:\WINDOWS\SYSTEM32\ntdll.dll
0x00007ffcd2a20000 - 0x00007ffcd2ad2000 	C:\WINDOWS\System32\KERNEL32.DLL
0x00007ffcd1510000 - 0x00007ffcd17b4000 	C:\WINDOWS\System32\KERNELBASE.dll
0x00007ffcd3380000 - 0x00007ffcd3423000 	C:\WINDOWS\System32\ADVAPI32.dll
0x00007ffcd2730000 - 0x00007ffcd27ce000 	C:\WINDOWS\System32\msvcrt.dll
0x00007ffcd2db0000 - 0x00007ffcd2e47000 	C:\WINDOWS\System32\sechost.dll
0x00007ffcd2c90000 - 0x00007ffcd2db0000 	C:\WINDOWS\System32\RPCRT4.dll
0x00007ffcd2af0000 - 0x00007ffcd2c84000 	C:\WINDOWS\System32\USER32.dll
0x00007ffcd12a0000 - 0x00007ffcd12c1000 	C:\WINDOWS\System32\win32u.dll
0x00007ffcd21a0000 - 0x00007ffcd21c6000 	C:\WINDOWS\System32\GDI32.dll
0x00007ffcd0fb0000 - 0x00007ffcd1145000 	C:\WINDOWS\System32\gdi32full.dll
0x00007ffcd1300000 - 0x00007ffcd139e000 	C:\WINDOWS\System32\msvcp_win.dll
0x00007ffcd1410000 - 0x00007ffcd150a000 	C:\WINDOWS\System32\ucrtbase.dll
0x00007ffcaae70000 - 0x00007ffcab0f4000 	C:\WINDOWS\WinSxS\amd64_microsoft.windows.common-controls_6595b64144ccf1df_6.0.18362.900_none_e6beb9d913147d17\COMCTL32.dll
0x00007ffcd23f0000 - 0x00007ffcd2725000 	C:\WINDOWS\System32\combase.dll
0x00007ffcd18d0000 - 0x00007ffcd1950000 	C:\WINDOWS\System32\bcryptPrimitives.dll
0x00007ffcd3430000 - 0x00007ffcd345e000 	C:\WINDOWS\System32\IMM32.DLL
0x0000000055b60000 - 0x0000000055c31000 	C:\Program Files\Java\jdk1.8.0_162\jre\bin\msvcr100.dll
0x0000000054ce0000 - 0x0000000055580000 	C:\Program Files\Java\jdk1.8.0_162\jre\bin\server\jvm.dll
0x00007ffcd1950000 - 0x00007ffcd1958000 	C:\WINDOWS\System32\PSAPI.DLL
0x00007ffccd1e0000 - 0x00007ffccd1e9000 	C:\WINDOWS\SYSTEM32\WSOCK32.dll
0x00007ffcd37f0000 - 0x00007ffcd385f000 	C:\WINDOWS\System32\WS2_32.dll
0x00007ffcce750000 - 0x00007ffcce774000 	C:\WINDOWS\SYSTEM32\WINMM.dll
0x00007ffccc3e0000 - 0x00007ffccc3ea000 	C:\WINDOWS\SYSTEM32\VERSION.dll
0x00007ffcce6d0000 - 0x00007ffcce6fd000 	C:\WINDOWS\SYSTEM32\WINMMBASE.dll
0x00007ffcd13a0000 - 0x00007ffcd13ea000 	C:\WINDOWS\System32\cfgmgr32.dll
0x0000000056780000 - 0x000000005678f000 	C:\Program Files\Java\jdk1.8.0_162\jre\bin\verify.dll
0x0000000055b30000 - 0x0000000055b59000 	C:\Program Files\Java\jdk1.8.0_162\jre\bin\java.dll
0x0000000055b10000 - 0x0000000055b26000 	C:\Program Files\Java\jdk1.8.0_162\jre\bin\zip.dll
0x00007ffcd1960000 - 0x00007ffcd2046000 	C:\WINDOWS\System32\SHELL32.dll
0x00007ffcd27d0000 - 0x00007ffcd2879000 	C:\WINDOWS\System32\shcore.dll
0x00007ffcd0830000 - 0x00007ffcd0fb0000 	C:\WINDOWS\System32\windows.storage.dll
0x00007ffcd0800000 - 0x00007ffcd0823000 	C:\WINDOWS\System32\profapi.dll
0x00007ffcd0770000 - 0x00007ffcd07ba000 	C:\WINDOWS\System32\powrprof.dll
0x00007ffcd0760000 - 0x00007ffcd0770000 	C:\WINDOWS\System32\UMPDC.dll
0x00007ffcd3320000 - 0x00007ffcd3372000 	C:\WINDOWS\System32\shlwapi.dll
0x00007ffcd07c0000 - 0x00007ffcd07d1000 	C:\WINDOWS\System32\kernel.appcore.dll
0x00007ffcd13f0000 - 0x00007ffcd1407000 	C:\WINDOWS\System32\cryptsp.dll
0x0000000055af0000 - 0x0000000055b0a000 	C:\Program Files\Java\jdk1.8.0_162\jre\bin\net.dll
0x00007ffccff70000 - 0x00007ffccffd7000 	C:\WINDOWS\system32\mswsock.dll
0x00007ffccfcc0000 - 0x00007ffccfd8b000 	C:\WINDOWS\SYSTEM32\DNSAPI.dll
0x00007ffcd2ae0000 - 0x00007ffcd2ae8000 	C:\WINDOWS\System32\NSI.dll
0x00007ffccfc80000 - 0x00007ffccfcba000 	C:\WINDOWS\SYSTEM32\IPHLPAPI.DLL
0x00007ffcc8d70000 - 0x00007ffcc8d7a000 	C:\Windows\System32\rasadhlp.dll
0x00007ffcc9f10000 - 0x00007ffcc9f87000 	C:\WINDOWS\System32\fwpuclnt.dll
0x00007ffcd12d0000 - 0x00007ffcd12f6000 	C:\WINDOWS\System32\bcrypt.dll
0x00007ffccfae0000 - 0x00007ffccfb13000 	C:\WINDOWS\system32\rsaenh.dll
0x00007ffcd0680000 - 0x00007ffcd06a5000 	C:\WINDOWS\SYSTEM32\USERENV.dll
0x00007ffcd0140000 - 0x00007ffcd014c000 	C:\WINDOWS\SYSTEM32\CRYPTBASE.dll
0x00007ffcca090000 - 0x00007ffcca0a6000 	C:\WINDOWS\SYSTEM32\dhcpcsvc6.DLL
0x00007ffccaab0000 - 0x00007ffccaacc000 	C:\WINDOWS\SYSTEM32\dhcpcsvc.DLL
0x0000000055ad0000 - 0x0000000055ae1000 	C:\Program Files\Java\jdk1.8.0_162\jre\bin\nio.dll

VM Arguments:
jvm_args: -Xmx512m 
java_command: com.google.gwt.dev.CompilePermsServer -host localhost -port 62874 -logLevel INFO -cookie F3DFCC3453AE76DF26D28BDE201AE57C
java_class_path (initial): D:\Ashi\Project\shiptime\GWEDemoWorkspace\WebSocket\target\WebSocket-0.0.1-SNAPSHOT\WEB-INF\classes;D:\Ashi\Project\shiptime\GWEDemoWorkspace\WebSocket\src\main\java;C:\Users\Admin\.m2\repository\io\jsonwebtoken\jjwt-api\0.11.2\jjwt-api-0.11.2.jar;C:\Users\Admin\.m2\repository\org\eclipse\jetty\jetty-server\9.2.14.v20151106\jetty-server-9.2.14.v20151106.jar;C:\Users\Admin\.m2\repository\javax\servlet\javax.servlet-api\3.1.0\javax.servlet-api-3.1.0.jar;C:\Users\Admin\.m2\repository\org\eclipse\jetty\jetty-http\9.2.14.v20151106\jetty-http-9.2.14.v20151106.jar;C:\Users\Admin\.m2\repository\org\eclipse\jetty\jetty-util\9.2.14.v20151106\jetty-util-9.2.14.v20151106.jar;C:\Users\Admin\.m2\repository\org\eclipse\jetty\jetty-io\9.2.14.v20151106\jetty-io-9.2.14.v20151106.jar;C:\Users\Admin\.m2\repository\com\google\gwt\gwt-user\2.8.2\gwt-user-2.8.2.jar;C:\Users\Admin\.m2\repository\com\google\jsinterop\jsinterop-annotations\1.0.2\jsinterop-annotations-1.0.2.jar;C:\Users\Admin\.m2\repository\com\google\jsinterop\jsinterop-annotations\1.0.2\jsinterop-annotations-1.0.2-sources.jar;C:\Users\Admin\.m2\repository\javax\validation\validation-api\1.0.0.GA\validation-api-1.0.0.GA.jar;C:\Users\Admin\.m2\repository\javax\validation\validation-api\1.0.0.GA\validation-api-1.0.0.GA-sources.jar;C:\Users\Admin\.m2\repository\org\w3c\css\sac\1.3\sac-1.3.jar;C:\Users\Admin\.m2\repository\com\google\gwt\gwt-dev\2.8.2\gwt-dev-2.8.2.jar;C:\Users\Admin\.m2\repository\com\google\code\findbugs\jsr305\1.3.9\jsr305-1.3.9.jar;C:\Users\Admin\.m2\repository\com\google\code\gson\gson\2.6.2\gson-2.6.2.jar;C:\Users\Admin\.m2\repository\org\ow2\asm\asm\5.0.3\asm-5.0.3.jar;C:\Users\Admin\.m2\repository\org\ow2\asm\asm-util\5.0.3\asm-util-5.0.3.jar;C:\Users\Admin\.m2\repository\org\ow2\asm\asm-tree\5.0.3\asm-tree-5.0.3.jar;C:\Users\Admin\.m2\repository\org\ow2\asm\asm-commons\5.0.3\asm-commons-5.0.3.jar;C:\Users\Admin\.m2\repository\colt\colt\1.2.0\colt-1.2.0.jar;C:\Users\Admin\.m2
Launcher Type: SUN_STANDARD

Environment Variables:
JAVA_HOME=C:\Program Files\Java\jdk1.8.0_162
JRE_HOME=C:\Program Files\Java\jre1.8.0_162
PATH=C:\ProgramData\Oracle\Java\javapath;C:\WINDOWS\system32;C:\WINDOWS;C:\WINDOWS\System32\Wbem;C:\WINDOWS\System32\WindowsPowerShell\v1.0\;C:\Python27;C:\Program Files\Git\cmd;C:\Program Files\apache-maven-3.6.0\bin;C:\Program Files\Java\jdk1.8.0_162\bin;C:\Program Files\Java\jre1.8.0_162\bin;C:\Program Files\Microsoft SQL Server\Client SDK\ODBC\110\Tools\Binn\;C:\Program Files (x86)\Microsoft SQL Server\120\Tools\Binn\ManagementStudio\;C:\Program Files (x86)\Microsoft SQL Server\120\Tools\Binn\;C:\Program Files\Microsoft SQL Server\120\Tools\Binn\;C:\Program Files (x86)\Microsoft SQL Server\120\DTS\Binn\;C:\Program Files\Microsoft SQL Server\120\DTS\Binn\;C:\WINDOWS\System32\OpenSSH\;C:\Program Files\nodejs\;C:\Program Files (x86)\Windows Live\Shared;C:\Program Files\Microsoft SQL Server\Client SDK\ODBC\170\Tools\Binn\;C:\Program Files (x86)\Microsoft SQL Server\150\Tools\Binn\;C:\Program Files\Microsoft SQL Server\150\Tools\Binn\;C:\Program Files\Microsoft SQL Server\150\DTS\Binn\;C:\Program Files\MySQL\MySQL Shell 8.0\bin\;C:\Users\Admin\AppData\Local\Microsoft\WindowsApps;C:\Users\Admin\AppData\Roaming\npm
USERNAME=Admin
OS=Windows_NT
PROCESSOR_IDENTIFIER=Intel64 Family 6 Model 94 Stepping 3, GenuineIntel



---------------  S Y S T E M  ---------------

OS: Windows 10.0 , 64 bit Build 18362 (10.0.18362.900)

CPU:total 4 (initial active 4) (2 cores per cpu, 2 threads per core) family 6 model 94 stepping 3, cmov, cx8, fxsr, mmx, sse, sse2, sse3, ssse3, sse4.1, sse4.2, popcnt, avx, avx2, aes, clmul, erms, 3dnowpref, lzcnt, ht, tsc, tscinvbit, bmi1, bmi2, adx

Memory: 4k page, physical 8283808k(170432k free), swap 22805728k(4056k free)

vm_info: Java HotSpot(TM) 64-Bit Server VM (25.162-b12) for windows-amd64 JRE (1.8.0_162-b12), built on Dec 19 2017 20:00:03 by "java_re" with MS VC++ 10.0 (VS2010)

time: Fri Jul 10 11:56:46 2020
elapsed time: 32 seconds (0d 0h 0m 32s)

